[2026-03-13 07:08:46,418][run][INFO]: Starting analysis...
[2026-03-13 07:08:46,420][run][INFO]: Using MISRA profile: c2023 (MISRA C:2023, experimental)
[2026-03-13 07:08:46,421][run][INFO]: Found 4 source files. Starting workers=4
[2026-03-13 07:08:46,422][_analyze_file][INFO]: Analyzing file: src/misra_c_2012_part1.c
[2026-03-13 07:08:46,422][_analyze_file][INFO]: Analyzing file: src/misra_c_2012_part2.c
[2026-03-13 07:08:46,423][_analyze_file][INFO]: Analyzing file: src/misra_c_2012_part3_fatal.c
[2026-03-13 07:08:46,423][_analyze_file][INFO]: Analyzing file: src/test_unused.c
[2026-03-13 07:08:46,670][_analyze_file][INFO]: Finished file: src/test_unused.c
[2026-03-13 07:08:46,687][run][INFO]: Progress: 1/4 files analyzed
[2026-03-13 07:08:46,804][_analyze_file][INFO]: Finished file: src/misra_c_2012_part3_fatal.c
[2026-03-13 07:08:46,811][run][INFO]: Progress: 2/4 files analyzed
[2026-03-13 07:08:46,824][_analyze_file][INFO]: Finished file: src/misra_c_2012_part1.c
[2026-03-13 07:08:46,833][run][INFO]: Progress: 3/4 files analyzed
[2026-03-13 07:08:46,844][_analyze_file][INFO]: Finished file: src/misra_c_2012_part2.c
[2026-03-13 07:08:46,845][run][INFO]: Progress: 4/4 files analyzed
[2026-03-13 07:08:46,845][run][INFO]: Starting clang pass in main routine over 4 files...
[2026-03-13 07:08:47,310][run][INFO]: Clang progress: 1/4 files analyzed
[2026-03-13 07:08:48,900][run][INFO]: Clang progress: 2/4 files analyzed
[2026-03-13 07:08:49,172][run][INFO]: Clang progress: 3/4 files analyzed
[2026-03-13 07:08:49,413][run][INFO]: Clang progress: 4/4 files analyzed
[2026-03-13 07:08:49,428][_write_per_rule_output][INFO]: Wrote per-rule output for 201 rules to: out/analyze/misra-c2023
[2026-03-13 07:08:49,428][print_violations][WARNING]: Found 552 violations:
src/misra_c_2012_part1.c:0 [Rule 8.7] External identifier 'rule_8_3_func' is referenced in only one translation unit and should be static. [trigger='rule_8_3_func'] [cross-tu-heuristic]
src/misra_c_2012_part1.c:0 [Rule 8.7] External identifier 'rule_8_7_var' is referenced in only one translation unit and should be static. [trigger='rule_8_7_var'] [cross-tu-heuristic]
src/misra_c_2012_part1.c:0 [Rule 8.7] External identifier 'test_8_7' is referenced in only one translation unit and should be static. [trigger='test_8_7'] [cross-tu-heuristic]
src/misra_c_2012_part1.c:17 [Rule 8.4] A compatible declaration shall be visible when function 'gcc_extension_asm' is defined. [trigger='gcc_extension_asm'] [clang-heuristic]
src/misra_c_2012_part1.c:19 [Rule 1.2] use of GNU statement expression extension [trigger='int x = ('] [clang-diagnostic]
src/misra_c_2012_part1.c:25 [Rule 1.1] The program shall contain no violations of standard C syntax/constraints and shall not exceed implementation translation limits. [trigger='int identifier_name_exceeding_translation_limit_xxxxxxxxxxxxxxxxxxxxxxxxxxxxxxxxxxxxxxxxxxxxxxxxxxxxxxxxx = 0;'] [clang-fallback-scan]
src/misra_c_2012_part1.c:25 [Rule 2.8] A project should not contain unused object definitions. [trigger='identifier_name_exceeding_translation_limit_xxxxxxxxxxxxxxxxxxxxxxxxxxxxxxxxxxxxxxxxxxxxxxxxxxxxxxxxx'] [clang-fallback-scan]
src/misra_c_2012_part1.c:28 [Rule 8.4] A compatible declaration shall be visible when function 'rule_1_3' is defined. [trigger='rule_1_3'] [clang-heuristic]
src/misra_c_2012_part1.c:29 [Rule 1.3] There shall be no occurrence of undefined or critical unspecified behaviour. [trigger='int z = 1 / 0;'] [clang-fallback-scan]
src/misra_c_2012_part1.c:34 [Rule 1.4] Emergent language features shall not be used. [trigger='_BitInt(9) rule_1_4_emergent = 1;'] [clang-fallback-scan]
src/misra_c_2012_part1.c:37 [Rule 8.4] A compatible declaration shall be visible when function 'rule_1_5' is defined. [trigger='rule_1_5'] [clang-heuristic]
src/misra_c_2012_part1.c:38 [Rule 1.5] Obsolescent language features shall not be used. [trigger='register int r = 0;'] [clang-fallback-scan]
src/misra_c_2012_part1.c:43 [Rule 8.4] A compatible declaration shall be visible when function 'rule_2_1' is defined. [trigger='rule_2_1'] [clang-heuristic]
src/misra_c_2012_part1.c:43 [Rule 17.4] All exit paths from a function with non-void return type shall have an explicit return statement with an expression [trigger='rule_2_1'] [clang-heuristic]
src/misra_c_2012_part1.c:45 [Rule 2.2] unused variable 'x' [trigger='int x = 1'] [clang-diagnostic]
src/misra_c_2012_part1.c:45 [Rule 2.1] code will never be executed [trigger='int x = 1'] [clang-diagnostic]
src/misra_c_2012_part1.c:49 [Rule 8.4] A compatible declaration shall be visible when function 'rule_2_2' is defined. [trigger='rule_2_2'] [clang-heuristic]
src/misra_c_2012_part1.c:50 [Rule 2.2] variable 'v' set but not used [trigger='rule_2_2'] [clang-diagnostic]
src/misra_c_2012_part1.c:55 [Rule 2.3] Unused typedef declaration: 'unused_type_t' [trigger='unused_type_t'] [clang-heuristic]
src/misra_c_2012_part1.c:58 [Rule 2.4] Unused tag declaration: 'unused_struct' [trigger='unused_struct'] [clang-heuristic]
src/misra_c_2012_part1.c:58 [Rule 5.7] Tag name 'unused_struct' is reused for another entity. [trigger='unused_struct'] [cross-tu-heuristic]
src/misra_c_2012_part1.c:61 [Rule 2.5] macro is not used [trigger='UNUSED_MACRO'] [clang-diagnostic]
src/misra_c_2012_part1.c:61 [Rule 5.4] Macro identifier 'UNUSED_MACRO' is not distinct (multiple definitions). [trigger='UNUSED_MACRO'] [cross-tu-heuristic]
src/misra_c_2012_part1.c:64 [Rule 8.4] A compatible declaration shall be visible when function 'rule_2_6' is defined. [trigger='rule_2_6'] [clang-heuristic]
src/misra_c_2012_part1.c:65 [Rule 2.6] unused label 'unused_label' [trigger='unused_label'] [clang-diagnostic]
src/misra_c_2012_part1.c:70 [Rule 2.7] unused parameter 'unused_param' [trigger='unused_param'] [clang-diagnostic]
src/misra_c_2012_part1.c:70 [Rule 8.4] A compatible declaration shall be visible when function 'rule_2_7' is defined. [trigger='rule_2_7'] [clang-heuristic]
src/misra_c_2012_part1.c:74 [Rule 3.1] The character sequence /* shall not be used within a C-style comment. [trigger='/* This is a comment /* Nested comment */'] [tree-sitter-query]
src/misra_c_2012_part1.c:77 [Rule 3.2] Line-splicing shall not be used in // comments. [trigger='// This comment is spliced \ and continues here // Violation'] [tree-sitter-query]
src/misra_c_2012_part1.c:81 [Rule 4.1] Octal and hexadecimal escape sequences shall be terminated. [trigger='\x1'] [tree-sitter-query]
src/misra_c_2012_part1.c:81 [Rule 2.8] A project should not contain unused object definitions. [trigger='rule_4_1'] [clang-fallback-scan]
src/misra_c_2012_part1.c:84 [Rule 4.2] trigraph ignored [trigger='const char* rule_4_2 = "??="'] [clang-diagnostic]
src/misra_c_2012_part1.c:84 [Rule 2.8] A project should not contain unused object definitions. [trigger='rule_4_2'] [clang-fallback-scan]
src/misra_c_2012_part1.c:87 [Rule 2.8] A project should not contain unused object definitions. [trigger='external_id_very_long_name_1'] [clang-fallback-scan]
src/misra_c_2012_part1.c:88 [Rule 2.8] A project should not contain unused object definitions. [trigger='external_id_very_long_name_2'] [clang-fallback-scan]
src/misra_c_2012_part1.c:93 [Rule 8.4] A compatible declaration shall be visible when function 'rule_5_3' is defined. [trigger='rule_5_3'] [clang-heuristic]
src/misra_c_2012_part1.c:94 [Rule 5.3] declaration shadows a variable in the global scope [trigger='Violation'] [clang-diagnostic]
src/misra_c_2012_part1.c:94 [Rule 2.2] unused variable 'rule_5_3_var' [trigger='rule_5_3_var'] [clang-diagnostic]
src/misra_c_2012_part1.c:94 [Rule 5.8] Identifier 'rule_5_3_var' with external linkage has a cross-namespace collision. [trigger='rule_5_3_var'] [cross-tu-heuristic]
src/misra_c_2012_part1.c:105 [Rule 2.3] Unused typedef declaration: 'my_type_t' [trigger='my_type_t'] [clang-heuristic]
src/misra_c_2012_part1.c:105 [Rule 5.6] Typedef name 'my_type_t' is not unique across the project. [trigger='my_type_t'] [cross-tu-heuristic]
src/misra_c_2012_part1.c:106 [Rule 8.4] A compatible declaration shall be visible when function 'rule_5_6' is defined. [trigger='rule_5_6'] [clang-heuristic]
src/misra_c_2012_part1.c:107 [Rule 2.2] unused variable 'my_type_t' [trigger='my_type_t'] [clang-diagnostic]
src/misra_c_2012_part1.c:107 [Rule 5.6] Typedef name 'my_type_t' is not unique across the project. [trigger='my_type_t'] [cross-tu-heuristic]
src/misra_c_2012_part1.c:111 [Rule 2.4] Unused tag declaration: 'my_struct_tag' [trigger='my_struct_tag'] [clang-heuristic]
src/misra_c_2012_part1.c:112 [Rule 8.4] A compatible declaration shall be visible when function 'rule_5_7' is defined. [trigger='rule_5_7'] [clang-heuristic]
src/misra_c_2012_part1.c:113 [Rule 2.2] unused variable 'my_struct_tag' [trigger='my_struct_tag'] [clang-diagnostic]
src/misra_c_2012_part1.c:120 [Rule 2.4] Unused tag declaration: 'rule_6_1_s' [trigger='rule_6_1_s'] [clang-heuristic]
src/misra_c_2012_part1.c:121 [Rule 6.1] Bit-fields shall only be declared with an appropriate type (explicit signed/unsigned). [trigger='int b : 1;'] [tree-sitter-query]
src/misra_c_2012_part1.c:125 [Rule 2.4] Unused tag declaration: 'rule_6_2_s' [trigger='rule_6_2_s'] [clang-heuristic]
src/misra_c_2012_part1.c:126 [Rule 6.2] Single-bit named bit fields shall not be of a signed type. [trigger='signed int b : 1;'] [tree-sitter-query]
src/misra_c_2012_part1.c:130 [Rule 7.1] Octal constants shall not be used. [trigger='0123'] [tree-sitter-query]
src/misra_c_2012_part1.c:130 [Rule 2.8] A project should not contain unused object definitions. [trigger='rule_7_1'] [clang-fallback-scan]
src/misra_c_2012_part1.c:133 [Rule 10.3] Implicit cast to a different essential type category [trigger='unsigned int rule_7_2 = 1000000000'] [clang-heuristic]
src/misra_c_2012_part1.c:133 [Rule 2.8] A project should not contain unused object definitions. [trigger='rule_7_2'] [clang-fallback-scan]
src/misra_c_2012_part1.c:136 [Rule 7.3] The lowercase character 'l' shall not be used in a literal suffix. [trigger='123l'] [tree-sitter-query]
src/misra_c_2012_part1.c:136 [Rule 2.8] A project should not contain unused object definitions. [trigger='str_7_3'] [clang-fallback-scan]
src/misra_c_2012_part1.c:139 [Rule 7.4] A string literal shall not be assigned to a non-const pointer. [trigger='char *rule_7_4 = "literal"'] [clang-diagnostic]
src/misra_c_2012_part1.c:139 [Rule 11.8] A cast shall not remove any const qualification from the type pointed to by a pointer. [trigger='char * rule_7_4 = "literal"'] [clang-heuristic]
src/misra_c_2012_part1.c:139 [Rule 2.8] A project should not contain unused object definitions. [trigger='rule_7_4'] [clang-fallback-scan]
src/misra_c_2012_part1.c:142 [Rule 8.1] Types shall be explicitly specified. [trigger='extern rule_8_1_var;'] [clang-fallback-scan]
src/misra_c_2012_part1.c:143 [Rule 8.1] Types shall be explicitly specified. [trigger='extern implicit_func_decl();'] [clang-fallback-scan]
src/misra_c_2012_part1.c:146 [Rule 8.2] Function types shall be in prototype form with named parameters. [trigger='Violation'] [tree-sitter-query]
src/misra_c_2012_part1.c:150 [Rule 2.7] unused parameter 'b' [trigger='Violation'] [clang-diagnostic]
src/misra_c_2012_part1.c:150 [Rule 8.3] Declaration of 'rule_8_3_func' has mismatched parameter names ('a' vs 'b'). [trigger='rule_8_3_func'] [cross-tu-heuristic]
src/misra_c_2012_part1.c:153 [Rule 8.4] A compatible declaration shall be visible when function 'rule_8_4_func' is defined. [trigger='rule_8_4_func'] [clang-heuristic]
src/misra_c_2012_part1.c:153 [Rule 17.4] All exit paths from a function with non-void return type shall have an explicit return statement with an expression [trigger='rule_8_4_func'] [clang-heuristic]
src/misra_c_2012_part1.c:163 [Rule 8.8] The 'static' storage class specifier shall be used in all declarations of objects and functions that have internal linkage: 'rule_8_8_func' [trigger='rule_8_8_func'] [clang-heuristic]
src/misra_c_2012_part1.c:163 [Rule 17.4] All exit paths from a function with non-void return type shall have an explicit return statement with an expression [trigger='rule_8_8_func'] [clang-heuristic]
src/misra_c_2012_part1.c:166 [Rule 8.9] An object 'rule_8_9_var_test' should be defined at block scope if its identifier only appears in a single function. [trigger='rule_8_9_var_test'] [clang-heuristic]
src/misra_c_2012_part1.c:167 [Rule 8.4] A compatible declaration shall be visible when function 'rule_8_9_func' is defined. [trigger='rule_8_9_func'] [clang-heuristic]
src/misra_c_2012_part1.c:172 [Rule 8.10] An inline function shall be declared with the static storage class. [trigger='inline void rule_8_10(void) {}'] [tree-sitter-query]
src/misra_c_2012_part1.c:172 [Rule 8.4] A compatible declaration shall be visible when function 'rule_8_10' is defined. [trigger='rule_8_10'] [clang-heuristic]
src/misra_c_2012_part1.c:175 [Rule 8.11] Array 'rule_8_11_arr' with external linkage declared without explicit size. [trigger='rule_8_11_arr'] [clang-heuristic]
src/misra_c_2012_part1.c:178 [Rule 2.4] Unused tag declaration: 'rule_8_12_e' [trigger='rule_8_12_e'] [clang-heuristic]
src/misra_c_2012_part1.c:178 [Rule 8.12] Within an enumerator list, the value of an implicitly-specified enumeration constant shall be unique. [trigger='2'] [clang-fallback-scan]
src/misra_c_2012_part1.c:179 [Rule 2.4] Unused tag declaration: 'rule_8_12_e_b' [trigger='rule_8_12_e_b'] [clang-heuristic]
src/misra_c_2012_part1.c:182 [Rule 8.4] A compatible declaration shall be visible when function 'rule_8_13' is defined. [trigger='rule_8_13'] [clang-heuristic]
src/misra_c_2012_part1.c:183 [Rule 2.2] unused variable 'a' [trigger='int a = *p'] [clang-diagnostic]
src/misra_c_2012_part1.c:185 [Rule 8.4] A compatible declaration shall be visible when function 'rule_8_13_ok' is defined. [trigger='rule_8_13_ok'] [clang-heuristic]
src/misra_c_2012_part1.c:190 [Rule 8.14] The restrict type qualifier shall not be used. [trigger='restrict'] [tree-sitter-query]
src/misra_c_2012_part1.c:190 [Rule 2.7] unused parameter 'p' [trigger='rule_8_14'] [clang-diagnostic]
src/misra_c_2012_part1.c:190 [Rule 8.4] A compatible declaration shall be visible when function 'rule_8_14' is defined. [trigger='rule_8_14'] [clang-heuristic]
src/misra_c_2012_part1.c:190 [Rule 8.13] A pointer should point to a const-qualified type whenever possible: 'restrict' [trigger='restrict'] [clang-heuristic]
src/misra_c_2012_part1.c:193 [Rule 8.4] A compatible declaration shall be visible when function 'rule_9_1' is defined. [trigger='rule_9_1'] [clang-heuristic]
src/misra_c_2012_part1.c:195 [Rule 2.2] unused variable 'b' [trigger='int b = a'] [clang-diagnostic]
src/misra_c_2012_part1.c:195 [Rule 9.1] variable 'a' is uninitialized when used here [trigger='int b = a'] [clang-heuristic]
src/misra_c_2012_part1.c:199 [Rule 9.2] suggest braces around initialization of subobject [trigger='int rule_9_2[2][2] ='] [clang-diagnostic]
src/misra_c_2012_part1.c:202 [Rule 9.3] Array partially initialized (2 of 3 elements) [trigger='{ 1 , 2 }'] [clang-heuristic]
src/misra_c_2012_part1.c:205 [Rule 9.4] An element of an object shall not be initialized more than once [trigger='int rule_9_4[2] ='] [clang-diagnostic]
src/misra_c_2012_part1.c:208 [Rule 9.5] Array initialized with designated initializers must have explicit size [trigger='int rule_9_5_arr[] = { [0] = 1, [5] = 2 };'] [clang-fallback-scan]
src/misra_c_2012_part1.c:210 [Rule 2.5] macro is not used [trigger='UNUSED_MACRO_PHASE_6'] [clang-diagnostic]
src/misra_c_2012_part1.c:212 [Rule 8.4] A compatible declaration shall be visible when function 'rule_phase_6_unused_code' is defined. [trigger='rule_phase_6_unused_code'] [clang-heuristic]
src/misra_c_2012_part1.c:213 [Rule 2.3] Unused typedef declaration: 'unused_typedef_phase6' [trigger='unused_typedef_phase6'] [clang-heuristic]
src/misra_c_2012_part1.c:214 [Rule 2.4] Unused tag declaration: 'unused_struct_phase6' [trigger='unused_struct_phase6'] [clang-heuristic]
src/misra_c_2012_part1.c:215 [Rule 2.4] Unused tag declaration: 'unused_enum_phase6' [trigger='unused_enum_phase6'] [clang-heuristic]
src/misra_c_2012_part1.c:217 [Rule 2.2] variable 'x' set but not used [trigger='int x = 0'] [clang-diagnostic]
src/misra_c_2012_part1.c:218 [Rule 15.1] The goto statement should not be used. [trigger='goto my_label;'] [tree-sitter-query]
src/misra_c_2012_part1.c:222 [Rule 2.6] unused label 'unused_label_phase6' [trigger='unused_label_phase6'] [clang-diagnostic]
src/misra_c_2012_part1.c:227 [Rule 3.2] Line-splicing shall not be used in // comments. [trigger='// This is a line-spliced comment \ that should be flagged!'] [tree-sitter-query]
src/misra_c_2012_part1.c:231 [Rule 4.1] Octal and hexadecimal escape sequences shall be terminated. [trigger='\x12'] [tree-sitter-query]
src/misra_c_2012_part1.c:231 [Rule 2.8] A project should not contain unused object definitions. [trigger='rule_4_1_bad'] [clang-fallback-scan]
src/misra_c_2012_part1.c:232 [Rule 2.8] A project should not contain unused object definitions. [trigger='rule_4_1_good1'] [clang-fallback-scan]
src/misra_c_2012_part1.c:233 [Rule 3.2] Line-splicing shall not be used in // comments. [trigger='// OK: terminated by \'] [tree-sitter-query]
src/misra_c_2012_part1.c:233 [Rule 2.8] A project should not contain unused object definitions. [trigger='rule_4_1_good2'] [clang-fallback-scan]
src/misra_c_2012_part1.c:236 [Rule 2.8] A project should not contain unused object definitions. [trigger='abcdefghijklmnopqrstuvwxyz123456_A'] [clang-fallback-scan]
src/misra_c_2012_part1.c:237 [Rule 5.1] External identifiers shall be distinct: 'abcdefghijklmnopqrstuvwxyz123456_B' vs 'abcdefghijklmnopqrstuvwxyz123456_A' [trigger='abcdefghijklmnopqrstuvwxyz123456_B'] [clang-heuristic]
src/misra_c_2012_part1.c:237 [Rule 2.8] A project should not contain unused object definitions. [trigger='abcdefghijklmnopqrstuvwxyz123456_B'] [clang-fallback-scan]
src/misra_c_2012_part1.c:239 [Rule 8.4] A compatible declaration shall be visible when function 'rule_phase_8_unused_code' is defined. [trigger='rule_phase_8_unused_code'] [clang-heuristic]
src/misra_c_2012_part1.c:241 [Rule 2.2] unused variable 'abcdefghijklmnopqrstuvwxyz1234567890abcdefghijklmnopqrstuvwxyz1_A' [trigger='abcdefghijklmnopqrstuvwxyz1234567890abcdefghijklmnopqrstuvwxyz1_A'] [clang-diagnostic]
src/misra_c_2012_part1.c:241 [Rule 1.1] The program shall contain no violations of standard C syntax/constraints and shall not exceed implementation translation limits. [trigger='int abcdefghijklmnopqrstuvwxyz1234567890abcdefghijklmnopqrstuvwxyz1_A = 0;'] [clang-fallback-scan]
src/misra_c_2012_part1.c:242 [Rule 2.2] unused variable 'abcdefghijklmnopqrstuvwxyz1234567890abcdefghijklmnopqrstuvwxyz1_B' [trigger='abcdefghijklmnopqrstuvwxyz1234567890abcdefghijklmnopqrstuvwxyz1_B'] [clang-diagnostic]
src/misra_c_2012_part1.c:242 [Rule 5.2] Identifiers in same scope shall be distinct: 'abcdefghijklmnopqrstuvwxyz1234567890abcdefghijklmnopqrstuvwxyz1_B' vs 'abcdefghijklmnopqrstuvwxyz1234567890abcdefghijklmnopqrstuvwxyz1_A' [trigger='abcdefghijklmnopqrstuvwxyz1234567890abcdefghijklmnopqrstuvwxyz1_B'] [clang-heuristic]
src/misra_c_2012_part1.c:242 [Rule 1.1] The program shall contain no violations of standard C syntax/constraints and shall not exceed implementation translation limits. [trigger='int abcdefghijklmnopqrstuvwxyz1234567890abcdefghijklmnopqrstuvwxyz1_B = 1;'] [clang-fallback-scan]
src/misra_c_2012_part1.c:246 [Rule 2.5] macro is not used [trigger='VERY_LONG_MACRO_NAME_EXCEEDING_31_CHARS_A'] [clang-diagnostic]
src/misra_c_2012_part1.c:247 [Rule 2.5] macro is not used [trigger='VERY_LONG_MACRO_NAME_EXCEEDING_31_CHARS_B'] [clang-diagnostic]
src/misra_c_2012_part1.c:250 [Rule 5.5] Identifier 'IDENTIFIER_BEFORE_MACRO' is not distinct from a macro name. [trigger='IDENTIFIER_BEFORE_MACRO'] [cross-tu-heuristic]
src/misra_c_2012_part1.c:251 [Rule 2.5] macro is not used [trigger='IDENTIFIER_BEFORE_MACRO'] [clang-diagnostic]
src/misra_c_2012_part1.c:251 [Rule 5.5] Identifier 'IDENTIFIER_BEFORE_MACRO' is not distinct from a macro name. [trigger='IDENTIFIER_BEFORE_MACRO'] [cross-tu-heuristic]
src/misra_c_2012_part1.c:254 [Rule 2.3] Unused typedef declaration: 'MyUniqueTypedef' [trigger='MyUniqueTypedef'] [clang-heuristic]
src/misra_c_2012_part1.c:254 [Rule 5.6] Typedef name 'MyUniqueTypedef' is not unique across the project. [trigger='MyUniqueTypedef'] [cross-tu-heuristic]
src/misra_c_2012_part1.c:255 [Rule 2.4] Unused tag declaration: 'MyUniqueTag' [trigger='MyUniqueTag'] [clang-heuristic]
src/misra_c_2012_part1.c:257 [Rule 8.4] A compatible declaration shall be visible when function 'rule_phase_9_test' is defined. [trigger='rule_phase_9_test'] [clang-heuristic]
src/misra_c_2012_part1.c:258 [Rule 2.2] unused variable 'MyUniqueTypedef' [trigger='MyUniqueTypedef'] [clang-diagnostic]
src/misra_c_2012_part1.c:258 [Rule 5.6] Typedef name 'MyUniqueTypedef' is not unique across the project. [trigger='MyUniqueTypedef'] [cross-tu-heuristic]
src/misra_c_2012_part1.c:259 [Rule 2.2] unused variable 'MyUniqueTag' [trigger='MyUniqueTag'] [clang-diagnostic]
src/misra_c_2012_part1.c:263 [Rule 2.8] A project should not contain unused object definitions. [trigger='cross_tu_global_var'] [clang-fallback-scan]
src/misra_c_2012_part1.c:264 [Rule 2.8] A project should not contain unused object definitions. [trigger='cross_tu_internal_var'] [clang-fallback-scan]
src/misra_c_2012_part1.c:264 [Rule 5.9] Identifier 'cross_tu_internal_var' with internal linkage is not unique. [trigger='cross_tu_internal_var'] [cross-tu-heuristic]
src/misra_c_2012_part1.c:266 [Rule 8.4] A compatible declaration shall be visible when function 'rule_phase_11_test' is defined. [trigger='rule_phase_11_test'] [clang-heuristic]
src/misra_c_2012_part1.c:268 [Rule 2.2] unused variable 'unsigned_var' [trigger='unsigned_var'] [clang-diagnostic]
src/misra_c_2012_part1.c:268 [Rule 10.3] Implicit cast to a different essential type category [trigger='unsigned int unsigned_var = 4000000000'] [clang-heuristic]
src/misra_c_2012_part1.c:271 [Rule 7.4] A string literal shall not be assigned to a non-const pointer. [trigger='char *s = "misra_string"'] [clang-diagnostic]
src/misra_c_2012_part1.c:271 [Rule 2.2] unused variable 's' [trigger='char *s = "misra_string"'] [clang-diagnostic]
src/misra_c_2012_part1.c:271 [Rule 11.8] A cast shall not remove any const qualification from the type pointed to by a pointer. [trigger='char * s = "misra_string"'] [clang-heuristic]
src/misra_c_2012_part2.c:0 [Rule 8.6] External identifier 'cross_tu_global_var' has multiple definitions. [trigger='cross_tu_global_var'] [cross-tu-heuristic]
src/misra_c_2012_part2.c:0 [Rule 8.5] External object/function 'my_rule_8_5_var' is declared in multiple distinct files. [trigger='my_rule_8_5_var'] [cross-tu-heuristic]
src/misra_c_2012_part2.c:0 [Rule 8.6] External identifier 'rule_18_6_ptr' is used but never defined. [trigger='rule_18_6_ptr'] [cross-tu-heuristic]
src/misra_c_2012_part2.c:0 [Rule 8.6] External identifier 'rule_12_6_obj' is used but never defined. [trigger='rule_12_6_obj'] [cross-tu-heuristic]
src/misra_c_2012_part2.c:0 [Rule 8.6] External identifier '__builtin_classify_type' is used but never defined. [trigger='__builtin_classify_type'] [cross-tu-heuristic]
src/misra_c_2012_part2.c:9 [Rule 2.8] A project should not contain unused object definitions. [trigger='cross_tu_global_var'] [clang-fallback-scan]
src/misra_c_2012_part2.c:9 [Rule 8.3] Declaration of 'cross_tu_global_var' has mismatched return type or type qualifiers across files ('int' vs 'float'). [trigger='cross_tu_global_var'] [cross-tu-heuristic]
src/misra_c_2012_part2.c:10 [Rule 2.8] A project should not contain unused object definitions. [trigger='cross_tu_internal_var'] [clang-fallback-scan]
src/misra_c_2012_part2.c:10 [Rule 5.9] Identifier 'cross_tu_internal_var' with internal linkage is not unique. [trigger='cross_tu_internal_var'] [cross-tu-heuristic]
src/misra_c_2012_part2.c:16 [Rule 20.1] #include directives should only be preceded by preprocessor directives or comments. [trigger='#include <stdlib.h>'] [tree-sitter-query]
src/misra_c_2012_part2.c:17 [Rule 17.1] The features of <stdarg.h> shall not be used. [trigger='<stdarg.h>'] [tree-sitter-query]
src/misra_c_2012_part2.c:17 [Rule 20.1] #include directives should only be preceded by preprocessor directives or comments. [trigger='#include <stdarg.h> // Rule 17.1 violation'] [tree-sitter-query]
src/misra_c_2012_part2.c:18 [Rule 20.1] #include directives should only be preceded by preprocessor directives or comments. [trigger='#include <string.h>'] [tree-sitter-query]
src/misra_c_2012_part2.c:19 [Rule 20.1] #include directives should only be preceded by preprocessor directives or comments. [trigger='#include <ctype.h>'] [tree-sitter-query]
src/misra_c_2012_part2.c:20 [Rule 20.1] #include directives should only be preceded by preprocessor directives or comments. [trigger='#include <threads.h>'] [tree-sitter-query]
src/misra_c_2012_part2.c:21 [Rule 20.1] #include directives should only be preceded by preprocessor directives or comments. [trigger='#include <stdatomic.h>'] [tree-sitter-query]
src/misra_c_2012_part2.c:34 [Rule 8.4] A compatible declaration shall be visible when function 'rule_10_1' is defined. [trigger='rule_10_1'] [clang-heuristic]
src/misra_c_2012_part2.c:41 [Rule 8.4] A compatible declaration shall be visible when function 'rule_10_2' is defined. [trigger='rule_10_2'] [clang-heuristic]
src/misra_c_2012_part2.c:42 [Rule 10.3] Implicit cast to a narrower essential type [trigger='char a = 'a''] [clang-heuristic]
src/misra_c_2012_part2.c:43 [Rule 10.3] Implicit cast to a narrower essential type [trigger='char b = 'b''] [clang-heuristic]
src/misra_c_2012_part2.c:44 [Rule 10.2] Addition of two characters is not allowed. [trigger='a + b'] [clang-heuristic]
src/misra_c_2012_part2.c:48 [Rule 8.4] A compatible declaration shall be visible when function 'rule_10_3' is defined. [trigger='rule_10_3'] [clang-heuristic]
src/misra_c_2012_part2.c:50 [Rule 10.3] Implicit cast to a different essential type category [trigger='uint32_t b = a'] [clang-heuristic]
src/misra_c_2012_part2.c:54 [Rule 8.4] A compatible declaration shall be visible when function 'rule_10_4' is defined. [trigger='rule_10_4'] [clang-heuristic]
src/misra_c_2012_part2.c:57 [Rule 10.4] Operands of arithmetic operator have different essential type categories (signed vs float). [trigger='a == b'] [clang-heuristic]
src/misra_c_2012_part2.c:61 [Rule 8.4] A compatible declaration shall be visible when function 'rule_10_5' is defined. [trigger='rule_10_5'] [clang-heuristic]
src/misra_c_2012_part2.c:63 [Rule 10.5] Expression cast to an inappropriate essential type. [trigger='( _Bool ) a'] [clang-heuristic]
src/misra_c_2012_part2.c:67 [Rule 8.4] A compatible declaration shall be visible when function 'rule_10_6' is defined. [trigger='rule_10_6'] [clang-heuristic]
src/misra_c_2012_part2.c:69 [Rule 10.3] Implicit cast to a different essential type category [trigger='unsigned short u16a = 1'] [clang-heuristic]
src/misra_c_2012_part2.c:70 [Rule 10.3] Implicit cast to a different essential type category [trigger='u16a + u16b'] [clang-heuristic]
src/misra_c_2012_part2.c:70 [Rule 10.6] Composite expression assigned to wider essential type. [trigger='u16a + u16b'] [clang-heuristic]
src/misra_c_2012_part2.c:74 [Rule 8.4] A compatible declaration shall be visible when function 'rule_10_7' is defined. [trigger='rule_10_7'] [clang-heuristic]
src/misra_c_2012_part2.c:75 [Rule 10.3] Implicit cast to a different essential type category [trigger='uint32_t u32a = 1'] [clang-heuristic]
src/misra_c_2012_part2.c:76 [Rule 10.3] Implicit cast to a different essential type category [trigger='unsigned short u16a = 1'] [clang-heuristic]
src/misra_c_2012_part2.c:77 [Rule 10.7] Composite expression used as operand with wider essential type operand. [trigger='( u16a + u16b ) + u32a'] [clang-heuristic]
src/misra_c_2012_part2.c:81 [Rule 8.4] A compatible declaration shall be visible when function 'rule_10_8' is defined. [trigger='rule_10_8'] [clang-heuristic]
src/misra_c_2012_part2.c:82 [Rule 10.3] Implicit cast to a different essential type category [trigger='unsigned short u16a = 1'] [clang-heuristic]
src/misra_c_2012_part2.c:83 [Rule 10.8] Composite expression cast to wider essential type. [trigger='u16a + u16b'] [clang-heuristic]
src/misra_c_2012_part2.c:87 [Rule 8.4] A compatible declaration shall be visible when function 'rule_11_1' is defined. [trigger='rule_11_1'] [clang-heuristic]
src/misra_c_2012_part2.c:89 [Rule 11.1] Conversions shall not be performed between a pointer to a function and any other type [trigger='( long ) pf'] [clang-heuristic]
src/misra_c_2012_part2.c:95 [Rule 8.4] A compatible declaration shall be visible when function 'rule_11_2' is defined. [trigger='rule_11_2'] [clang-heuristic]
src/misra_c_2012_part2.c:95 [Rule 8.13] A pointer should point to a const-qualified type whenever possible: 'pi' [trigger='rule_11_2'] [clang-heuristic]
src/misra_c_2012_part2.c:96 [Rule 11.2] Conversions shall not be performed between a pointer to an incomplete type and any other type [trigger='void * pv = pi'] [clang-heuristic]
src/misra_c_2012_part2.c:100 [Rule 8.4] A compatible declaration shall be visible when function 'rule_11_3' is defined. [trigger='rule_11_3'] [clang-heuristic]
src/misra_c_2012_part2.c:101 [Rule 10.3] Implicit cast to a different essential type category [trigger='uint32_t a = 0'] [clang-heuristic]
src/misra_c_2012_part2.c:102 [Rule 11.3] A cast shall not be performed between a pointer to object type and a pointer to a different object type [trigger='( float32_t * ) & a'] [clang-heuristic]
src/misra_c_2012_part2.c:106 [Rule 8.4] A compatible declaration shall be visible when function 'rule_11_4' is defined. [trigger='rule_11_4'] [clang-heuristic]
src/misra_c_2012_part2.c:107 [Rule 11.4] A conversion should not be performed between a pointer to object and an integer type [trigger='( int32_t * ) 0x1000'] [clang-heuristic]
src/misra_c_2012_part2.c:111 [Rule 8.4] A compatible declaration shall be visible when function 'rule_11_5' is defined. [trigger='rule_11_5'] [clang-heuristic]
src/misra_c_2012_part2.c:113 [Rule 11.5] A conversion should not be performed from pointer to void into pointer to object [trigger='( int32_t * ) pv'] [clang-heuristic]
src/misra_c_2012_part2.c:117 [Rule 8.4] A compatible declaration shall be visible when function 'rule_11_6' is defined. [trigger='rule_11_6'] [clang-heuristic]
src/misra_c_2012_part2.c:119 [Rule 11.6] A cast shall not be performed between pointer to void and an arithmetic type [trigger='( void * ) i'] [clang-heuristic]
src/misra_c_2012_part2.c:119 [Rule 9.1] variable 'i' is uninitialized when used here [trigger='void *pv = (void *)i'] [clang-heuristic]
src/misra_c_2012_part2.c:123 [Rule 8.4] A compatible declaration shall be visible when function 'rule_11_7' is defined. [trigger='rule_11_7'] [clang-heuristic]
src/misra_c_2012_part2.c:125 [Rule 11.7] A cast shall not be performed between pointer to object and a non-integer arithmetic type. [trigger='float32_t f = (float32_t)pi'] [clang-fallback-scan]
src/misra_c_2012_part2.c:126 [Rule 11.7] A cast shall not be performed between pointer to object and a non-integer arithmetic type. [trigger='double d = (double)pi'] [clang-fallback-scan]
src/misra_c_2012_part2.c:131 [Rule 8.4] A compatible declaration shall be visible when function 'rule_11_8' is defined. [trigger='rule_11_8'] [clang-heuristic]
src/misra_c_2012_part2.c:133 [Rule 11.8] A cast shall not remove any const qualification from the type pointed to by a pointer. [trigger='( int32_t * ) & ci'] [clang-heuristic]
src/misra_c_2012_part2.c:137 [Rule 8.4] A compatible declaration shall be visible when function 'rule_11_9' is defined. [trigger='rule_11_9'] [clang-heuristic]
src/misra_c_2012_part2.c:138 [Rule 11.9] The macro NULL shall be the only permitted form of integer null pointer constant [trigger='int32_t * pi = 0'] [clang-heuristic]
src/misra_c_2012_part2.c:142 [Rule 8.4] A compatible declaration shall be visible when function 'rule_12_1' is defined. [trigger='rule_12_1'] [clang-heuristic]
src/misra_c_2012_part2.c:144 [Rule 12.1] The precedence of operators within expressions should be made explicit. Mixed '<<' and '+'. [trigger='a + b << c'] [clang-heuristic]
src/misra_c_2012_part2.c:144 [Rule 10.1] Bitwise operator applied to an inappropriate essential type (usually requires unsigned). [trigger='a + b << c'] [clang-heuristic]
src/misra_c_2012_part2.c:148 [Rule 8.4] A compatible declaration shall be visible when function 'rule_12_2' is defined. [trigger='rule_12_2'] [clang-heuristic]
src/misra_c_2012_part2.c:149 [Rule 10.3] Implicit cast to a different essential type category [trigger='uint32_t u32a = 1'] [clang-heuristic]
src/misra_c_2012_part2.c:150 [Rule 12.2] The right hand operand of a shift operator (32) shall lie in the range zero to one less than the width (32). [trigger='32'] [clang-heuristic]
src/misra_c_2012_part2.c:150 [Rule 1.3] There shall be no occurrence of undefined or critical unspecified behaviour. [trigger='uint32_t u32b = u32a << 32;'] [clang-fallback-scan]
src/misra_c_2012_part2.c:154 [Rule 8.4] A compatible declaration shall be visible when function 'rule_12_3' is defined. [trigger='rule_12_3'] [clang-heuristic]
src/misra_c_2012_part2.c:156 [Rule 12.3] The comma operator should not be used. [trigger='a ++ , b ++'] [clang-heuristic]
src/misra_c_2012_part2.c:156 [Rule 13.3] A full expression containing an increment (++) or decrement (--) operator should have no other potential side effects other than that caused by the increment or decrement operator [trigger='a ++ , b ++'] [clang-heuristic]
src/misra_c_2012_part2.c:160 [Rule 8.4] A compatible declaration shall be visible when function 'rule_12_4' is defined. [trigger='rule_12_4'] [clang-heuristic]
src/misra_c_2012_part2.c:161 [Rule 12.4] Evaluation of constant expressions should not lead to unsigned integer wrap-around (result 4294967296 > max 4294967295). [trigger='0xFFFFFFFF + 1'] [clang-heuristic]
src/misra_c_2012_part2.c:161 [Rule 10.4] Operands of arithmetic operator have different essential type categories (unsigned vs signed). [trigger='0xFFFFFFFF + 1'] [clang-heuristic]
src/misra_c_2012_part2.c:161 [Rule 7.2] A 'u' or 'U' suffix shall be applied to all integer constants that are represented in an unsigned type: '0xFFFFFFFF' [trigger='0xFFFFFFFF'] [clang-heuristic]
src/misra_c_2012_part2.c:165 [Rule 8.4] A compatible declaration shall be visible when function 'rule_13_1_helper' is defined. [trigger='rule_13_1_helper'] [clang-heuristic]
src/misra_c_2012_part2.c:165 [Rule 17.4] All exit paths from a function with non-void return type shall have an explicit return statement with an expression [trigger='rule_13_1_helper'] [clang-heuristic]
src/misra_c_2012_part2.c:166 [Rule 8.4] A compatible declaration shall be visible when function 'rule_13_1' is defined. [trigger='rule_13_1'] [clang-heuristic]
src/misra_c_2012_part2.c:167 [Rule 13.1] Initializer lists shall not contain persistent side effects [trigger='rule_13_1_helper ( )'] [clang-heuristic]
src/misra_c_2012_part2.c:171 [Rule 8.4] A compatible declaration shall be visible when function 'rule_13_2' is defined. [trigger='rule_13_2'] [clang-heuristic]
src/misra_c_2012_part2.c:173 [Rule 13.2] The value of an expression and its persistent side effects shall be the same under all permitted evaluation orders [trigger='a = a ++'] [clang-heuristic]
src/misra_c_2012_part2.c:177 [Rule 8.4] A compatible declaration shall be visible when function 'rule_13_3' is defined. [trigger='rule_13_3'] [clang-heuristic]
src/misra_c_2012_part2.c:179 [Rule 13.3] A full expression containing an increment (++) or decrement (--) operator should have no other potential side effects other than that caused by the increment or decrement operator [trigger='a ++ + 1'] [clang-heuristic]
src/misra_c_2012_part2.c:183 [Rule 8.4] A compatible declaration shall be visible when function 'rule_13_4' is defined. [trigger='rule_13_4'] [clang-heuristic]
src/misra_c_2012_part2.c:185 [Rule 13.4] The result of an assignment operator should not be used [trigger='( a = b )'] [clang-heuristic]
src/misra_c_2012_part2.c:185 [Rule 14.4] The controlling expression of an if statement and the controlling expression of an iteration-statement shall have essentially Boolean type [trigger='( a = b )'] [clang-heuristic]
src/misra_c_2012_part2.c:189 [Rule 8.4] A compatible declaration shall be visible when function 'rule_13_5' is defined. [trigger='rule_13_5'] [clang-heuristic]
src/misra_c_2012_part2.c:191 [Rule 13.3] A full expression containing an increment (++) or decrement (--) operator should have no other potential side effects other than that caused by the increment or decrement operator [trigger='1 || ( a ++ )'] [clang-heuristic]
src/misra_c_2012_part2.c:191 [Rule 13.5] The right hand operand of a logical || operator shall not contain persistent side effects [trigger='( a ++ )'] [clang-heuristic]
src/misra_c_2012_part2.c:195 [Rule 8.4] A compatible declaration shall be visible when function 'rule_13_6' is defined. [trigger='rule_13_6'] [clang-heuristic]
src/misra_c_2012_part2.c:197 [Rule 13.6] The operand of the sizeof operator shall not contain any expression which has potential side effects. [trigger='( a ++ )'] [clang-heuristic]
src/misra_c_2012_part2.c:201 [Rule 8.4] A compatible declaration shall be visible when function 'rule_14_1' is defined. [trigger='rule_14_1'] [clang-heuristic]
src/misra_c_2012_part2.c:202 [Rule 14.1] A loop counter shall not have essentially floating type [trigger='float32_t f = 0.0f ;'] [clang-heuristic]
src/misra_c_2012_part2.c:206 [Rule 8.4] A compatible declaration shall be visible when function 'rule_14_2' is defined. [trigger='rule_14_2'] [clang-heuristic]
src/misra_c_2012_part2.c:208 [Rule 14.2] A for loop shall be well-formed (has empty clauses) [trigger='for ( i = 0 ; i < 10 ; ) { i ++ ; }'] [clang-heuristic]
src/misra_c_2012_part2.c:212 [Rule 8.4] A compatible declaration shall be visible when function 'rule_14_3' is defined. [trigger='rule_14_3'] [clang-heuristic]
src/misra_c_2012_part2.c:213 [Rule 14.3] Controlling expressions shall not be invariant [trigger='1'] [clang-heuristic]
src/misra_c_2012_part2.c:213 [Rule 14.4] The controlling expression of an if statement and the controlling expression of an iteration-statement shall have essentially Boolean type [trigger='1'] [clang-heuristic]
src/misra_c_2012_part2.c:217 [Rule 8.4] A compatible declaration shall be visible when function 'rule_14_4' is defined. [trigger='rule_14_4'] [clang-heuristic]
src/misra_c_2012_part2.c:219 [Rule 14.4] The controlling expression of an if statement and the controlling expression of an iteration-statement shall have essentially Boolean type [trigger='rule_14_4'] [clang-heuristic]
src/misra_c_2012_part2.c:223 [Rule 8.4] A compatible declaration shall be visible when function 'rule_15_1' is defined. [trigger='rule_15_1'] [clang-heuristic]
src/misra_c_2012_part2.c:224 [Rule 15.1] The goto statement should not be used. [trigger='goto L1;'] [tree-sitter-query]
src/misra_c_2012_part2.c:230 [Rule 8.4] A compatible declaration shall be visible when function 'rule_15_2' is defined. [trigger='rule_15_2'] [clang-heuristic]
src/misra_c_2012_part2.c:232 [Rule 15.1] The goto statement should not be used. [trigger='goto L1;'] [tree-sitter-query]
src/misra_c_2012_part2.c:232 [Rule 15.2] The goto statement shall jump to a label declared later in the same function (jumping back) [trigger='L1'] [clang-heuristic]
src/misra_c_2012_part2.c:236 [Rule 8.4] A compatible declaration shall be visible when function 'rule_15_3' is defined. [trigger='rule_15_3'] [clang-heuristic]
src/misra_c_2012_part2.c:237 [Rule 15.1] The goto statement should not be used. [trigger='goto out_label;'] [tree-sitter-query]
src/misra_c_2012_part2.c:237 [Rule 15.3] Any label referenced by a goto statement shall be declared in the same block, or in any block enclosing the goto statement [trigger='out_label'] [clang-heuristic]
src/misra_c_2012_part2.c:244 [Rule 8.4] A compatible declaration shall be visible when function 'rule_15_4' is defined. [trigger='rule_15_4'] [clang-heuristic]
src/misra_c_2012_part2.c:246 [Rule 15.6] The body of an iteration-statement or a selection-statement shall be a compound-statement. [trigger='if (i == 2) break;'] [tree-sitter-query]
src/misra_c_2012_part2.c:247 [Rule 15.6] The body of an iteration-statement or a selection-statement shall be a compound-statement. [trigger='if (i == 5) break;'] [tree-sitter-query]
src/misra_c_2012_part2.c:247 [Rule 15.4] There should be no more than one break or goto statement used to terminate any iteration statement (found 2) [trigger='break'] [clang-heuristic]
src/misra_c_2012_part2.c:252 [Rule 15.5] A function should have a single point of exit at the end. [trigger='int32_t rule_15_5(int32_t a) { if (a) return 1; // Violation return 0; }'] [tree-sitter-query]
src/misra_c_2012_part2.c:252 [Rule 8.4] A compatible declaration shall be visible when function 'rule_15_5' is defined. [trigger='rule_15_5'] [clang-heuristic]
src/misra_c_2012_part2.c:253 [Rule 15.6] The body of an iteration-statement or a selection-statement shall be a compound-statement. [trigger='if (a) return 1;'] [tree-sitter-query]
src/misra_c_2012_part2.c:253 [Rule 14.4] The controlling expression of an if statement and the controlling expression of an iteration-statement shall have essentially Boolean type [trigger='rule_15_5'] [clang-heuristic]
src/misra_c_2012_part2.c:258 [Rule 8.4] A compatible declaration shall be visible when function 'rule_15_6' is defined. [trigger='rule_15_6'] [clang-heuristic]
src/misra_c_2012_part2.c:259 [Rule 15.6] The body of an iteration-statement or a selection-statement shall be a compound-statement. [trigger='if (1) return;'] [tree-sitter-query]
src/misra_c_2012_part2.c:259 [Rule 14.3] Controlling expressions shall not be invariant [trigger='1'] [clang-heuristic]
src/misra_c_2012_part2.c:259 [Rule 14.4] The controlling expression of an if statement and the controlling expression of an iteration-statement shall have essentially Boolean type [trigger='1'] [clang-heuristic]
src/misra_c_2012_part2.c:264 [Rule 8.4] A compatible declaration shall be visible when function 'rule_15_7' is defined. [trigger='rule_15_7'] [clang-heuristic]
src/misra_c_2012_part2.c:266 [Rule 15.7] All if ... else if constructs shall be terminated with an else statement. [trigger='if (a > 0) {} else if (a < 0) {}'] [tree-sitter-query]
src/misra_c_2012_part2.c:270 [Rule 8.4] A compatible declaration shall be visible when function 'rule_16_1' is defined. [trigger='rule_16_1'] [clang-heuristic]
src/misra_c_2012_part2.c:271 [Rule 16.4] Every switch statement shall have a default label. [trigger='switch (type) { int a = 0; // Violation (code between switch and first case) case 1: break; }'] [tree-sitter-query]
src/misra_c_2012_part2.c:271 [Rule 16.6] Every switch statement shall have at least two switch-clauses. [trigger='switch (type) { int a = 0; // Violation (code between switch and first case) case 1: break; }'] [tree-sitter-query]
src/misra_c_2012_part2.c:272 [Rule 16.1] All switch statements shall be well-formed (code before first case/default) [trigger='int a = 0 ;'] [clang-heuristic]
src/misra_c_2012_part2.c:278 [Rule 8.4] A compatible declaration shall be visible when function 'rule_16_2' is defined. [trigger='rule_16_2'] [clang-heuristic]
src/misra_c_2012_part2.c:279 [Rule 16.4] Every switch statement shall have a default label. [trigger='switch (a) { if (1) { case 1: break; // Violation (inside if) } }'] [tree-sitter-query]
src/misra_c_2012_part2.c:279 [Rule 16.6] Every switch statement shall have at least two switch-clauses. [trigger='switch (a) { if (1) { case 1: break; // Violation (inside if) } }'] [tree-sitter-query]
src/misra_c_2012_part2.c:280 [Rule 14.3] Controlling expressions shall not be invariant [trigger='1'] [clang-heuristic]
src/misra_c_2012_part2.c:280 [Rule 14.4] The controlling expression of an if statement and the controlling expression of an iteration-statement shall have essentially Boolean type [trigger='1'] [clang-heuristic]
src/misra_c_2012_part2.c:280 [Rule 16.1] All switch statements shall be well-formed (code before first case/default) [trigger='if ( 1 ) { case 1 : break ; // Violation (inside if) }'] [clang-heuristic]
src/misra_c_2012_part2.c:281 [Rule 16.2] A switch label shall only be used when the most closely-enclosing compound statement is the body of a switch statement [trigger='case 1 : break'] [clang-heuristic]
src/misra_c_2012_part2.c:287 [Rule 8.4] A compatible declaration shall be visible when function 'rule_16_3' is defined. [trigger='rule_16_3'] [clang-heuristic]
src/misra_c_2012_part2.c:288 [Rule 16.4] Every switch statement shall have a default label. [trigger='switch (a) { case 1: a++; // Violation (missing break) case 2: break; }'] [tree-sitter-query]
src/misra_c_2012_part2.c:289 [Rule 16.3] An unconditional break statement shall terminate every switch-clause. [trigger='case 1: a++;'] [tree-sitter-query]
src/misra_c_2012_part2.c:290 [Rule 17.8] A function parameter should not be modified: 'a' [trigger='a ++'] [clang-heuristic]
src/misra_c_2012_part2.c:297 [Rule 8.4] A compatible declaration shall be visible when function 'rule_16_4' is defined. [trigger='rule_16_4'] [clang-heuristic]
src/misra_c_2012_part2.c:298 [Rule 16.4] Every switch statement shall have a default label. [trigger='switch (a) { case 1: break; // Violation (missing default) }'] [tree-sitter-query]
src/misra_c_2012_part2.c:298 [Rule 16.6] Every switch statement shall have at least two switch-clauses. [trigger='switch (a) { case 1: break; // Violation (missing default) }'] [tree-sitter-query]
src/misra_c_2012_part2.c:304 [Rule 8.4] A compatible declaration shall be visible when function 'rule_16_5' is defined. [trigger='rule_16_5'] [clang-heuristic]
src/misra_c_2012_part2.c:307 [Rule 16.5] A default label shall appear as either the first or the last switch label of a switch statement. [trigger='default : break'] [clang-heuristic]
src/misra_c_2012_part2.c:313 [Rule 8.4] A compatible declaration shall be visible when function 'rule_16_6' is defined. [trigger='rule_16_6'] [clang-heuristic]
src/misra_c_2012_part2.c:314 [Rule 16.6] Every switch statement shall have at least two switch-clauses. [trigger='switch (a) { default: break; // Violation (only one clause) }'] [tree-sitter-query]
src/misra_c_2012_part2.c:320 [Rule 8.4] A compatible declaration shall be visible when function 'rule_16_7' is defined. [trigger='rule_16_7'] [clang-heuristic]
src/misra_c_2012_part2.c:321 [Rule 16.7] A switch-expression shall not have essentially Boolean type [trigger='rule_16_7'] [clang-heuristic]
src/misra_c_2012_part2.c:329 [Rule 8.4] A compatible declaration shall be visible when function 'rule_17_2' is defined. [trigger='rule_17_2'] [clang-heuristic]
src/misra_c_2012_part2.c:330 [Rule 17.2] Functions shall not call themselves directly. [trigger='rule_17_2'] [tree-sitter-query]
src/misra_c_2012_part2.c:334 [Rule 8.4] A compatible declaration shall be visible when function 'rule_17_3' is defined. [trigger='rule_17_3'] [clang-heuristic]
src/misra_c_2012_part2.c:335 [Rule 17.3] A function shall not be declared implicitly [trigger='undeclared_func'] [clang-fallback-scan]
src/misra_c_2012_part2.c:336 [Rule 17.3] A function shall not be declared implicitly [trigger='another_undeclared_func'] [clang-fallback-scan]
src/misra_c_2012_part2.c:340 [Rule 8.4] A compatible declaration shall be visible when function 'rule_17_4' is defined. [trigger='rule_17_4'] [clang-heuristic]
src/misra_c_2012_part2.c:340 [Rule 17.4] All exit paths from a function with non-void return type shall have an explicit return statement with an expression [trigger='rule_17_4'] [clang-heuristic]
src/misra_c_2012_part2.c:341 [Rule 15.6] The body of an iteration-statement or a selection-statement shall be a compound-statement. [trigger='if (a) return 1;'] [tree-sitter-query]
src/misra_c_2012_part2.c:341 [Rule 14.4] The controlling expression of an if statement and the controlling expression of an iteration-statement shall have essentially Boolean type [trigger='rule_17_4'] [clang-heuristic]
src/misra_c_2012_part2.c:346 [Rule 8.4] A compatible declaration shall be visible when function 'rule_17_5_func' is defined. [trigger='rule_17_5_func'] [clang-heuristic]
src/misra_c_2012_part2.c:346 [Rule 2.7] There should be no unused parameters in functions: 'a' [trigger='rule_17_5_func'] [clang-heuristic]
src/misra_c_2012_part2.c:347 [Rule 8.4] A compatible declaration shall be visible when function 'rule_17_5' is defined. [trigger='rule_17_5'] [clang-heuristic]
src/misra_c_2012_part2.c:349 [Rule 17.5] The function argument corresponding to a parameter declared to have an array type shall have an appropriate number of elements (arg 3 < param 5) [trigger='rule_17_5_func'] [clang-heuristic]
src/misra_c_2012_part2.c:353 [Rule 8.4] A compatible declaration shall be visible when function 'rule_17_6' is defined. [trigger='rule_17_6'] [clang-heuristic]
src/misra_c_2012_part2.c:353 [Rule 17.6] The declaration of an array parameter shall not contain the static keyword between the [ ] [trigger='int32_t a [ static 5 ]'] [clang-heuristic]
src/misra_c_2012_part2.c:353 [Rule 2.7] There should be no unused parameters in functions: 'a' [trigger='rule_17_6'] [clang-heuristic]
src/misra_c_2012_part2.c:356 [Rule 8.4] A compatible declaration shall be visible when function 'rule_17_7_func' is defined. [trigger='rule_17_7_func'] [clang-heuristic]
src/misra_c_2012_part2.c:356 [Rule 17.4] All exit paths from a function with non-void return type shall have an explicit return statement with an expression [trigger='rule_17_7_func'] [clang-heuristic]
src/misra_c_2012_part2.c:357 [Rule 8.4] A compatible declaration shall be visible when function 'rule_17_7' is defined. [trigger='rule_17_7'] [clang-heuristic]
src/misra_c_2012_part2.c:358 [Rule 17.7] The value returned by a function having non-void return type shall be used [trigger='rule_17_7_func ( )'] [clang-heuristic]
src/misra_c_2012_part2.c:362 [Rule 8.4] A compatible declaration shall be visible when function 'rule_17_8' is defined. [trigger='rule_17_8'] [clang-heuristic]
src/misra_c_2012_part2.c:363 [Rule 17.8] A function parameter should not be modified: 'a' [trigger='a ++'] [clang-heuristic]
src/misra_c_2012_part2.c:367 [Rule 8.4] A compatible declaration shall be visible when function 'rule_18_1' is defined. [trigger='rule_18_1'] [clang-heuristic]
src/misra_c_2012_part2.c:369 [Rule 18.4] The +, -, += and -= operators should not be applied to an expression of pointer type [trigger='a + 6'] [clang-heuristic]
src/misra_c_2012_part2.c:369 [Rule 18.1] A pointer resulting from arithmetic on a pointer operand shall address an element of the same array [trigger='a + 6'] [clang-heuristic]
src/misra_c_2012_part2.c:373 [Rule 8.4] A compatible declaration shall be visible when function 'rule_18_2' is defined. [trigger='rule_18_2'] [clang-heuristic]
src/misra_c_2012_part2.c:375 [Rule 18.4] The +, -, += and -= operators should not be applied to an expression of pointer type [trigger='a - b'] [clang-heuristic]
src/misra_c_2012_part2.c:375 [Rule 18.2] Subtraction between pointers shall only be applied to pointers that address elements of the same array [trigger='a - b'] [clang-heuristic]
src/misra_c_2012_part2.c:379 [Rule 8.4] A compatible declaration shall be visible when function 'rule_18_3' is defined. [trigger='rule_18_3'] [clang-heuristic]
src/misra_c_2012_part2.c:382 [Rule 18.3] The relational operators shall not be applied to objects of pointer type except where they point into the same object [trigger='a > b'] [clang-heuristic]
src/misra_c_2012_part2.c:386 [Rule 8.4] A compatible declaration shall be visible when function 'rule_18_4' is defined. [trigger='rule_18_4'] [clang-heuristic]
src/misra_c_2012_part2.c:393 [Rule 18.5] Declarations should contain no more than two levels of pointer nesting [trigger='int32_t * * * rule_18_5'] [clang-heuristic]
src/misra_c_2012_part2.c:393 [Rule 2.8] A project should not contain unused object definitions. [trigger='rule_18_5'] [clang-fallback-scan]
src/misra_c_2012_part2.c:397 [Rule 8.4] A compatible declaration shall be visible when function 'rule_18_6' is defined. [trigger='rule_18_6'] [clang-heuristic]
src/misra_c_2012_part2.c:399 [Rule 18.6] The address of an object with automatic storage shall not be copied to another object that persists [trigger='& a'] [clang-heuristic]
src/misra_c_2012_part2.c:399 [Rule 9.1] variable 'a' is uninitialized when used here [trigger='rule_18_6_ptr = &a'] [clang-heuristic]
src/misra_c_2012_part2.c:403 [Rule 2.4] Unused tag declaration: 'rule_18_7_s' [trigger='rule_18_7_s'] [clang-heuristic]
src/misra_c_2012_part2.c:405 [Rule 18.7] Flexible array members shall not be declared [trigger='int32_t b [ ]'] [clang-heuristic]
src/misra_c_2012_part2.c:409 [Rule 8.4] A compatible declaration shall be visible when function 'rule_18_8' is defined. [trigger='rule_18_8'] [clang-heuristic]
src/misra_c_2012_part2.c:410 [Rule 18.8] Variable-length array types shall not be used [trigger='int32_t a [ n ]'] [clang-heuristic]
src/misra_c_2012_part2.c:414 [Rule 8.4] A compatible declaration shall be visible when function 'rule_19_1' is defined. [trigger='rule_19_1'] [clang-heuristic]
src/misra_c_2012_part2.c:415 [Rule 19.2] The union keyword should not be used. [trigger='union { int32_t a[2]; int32_t b[2]; }'] [tree-sitter-query]
src/misra_c_2012_part2.c:416 [Rule 19.1] An object shall not be assigned or copied to an overlapping object [trigger='u . a [ 0 ] = u . b [ 0 ]'] [clang-heuristic]
src/misra_c_2012_part2.c:420 [Rule 19.2] The union keyword should not be used. [trigger='union rule_19_2_u { // Violation int32_t a; float32_t b; }'] [tree-sitter-query]
src/misra_c_2012_part2.c:420 [Rule 2.4] Unused tag declaration: 'rule_19_2_u' [trigger='rule_19_2_u'] [clang-heuristic]
src/misra_c_2012_part2.c:426 [Rule 2.8] A project should not contain unused object definitions. [trigger='rule_20_1_var'] [clang-fallback-scan]
src/misra_c_2012_part2.c:427 [Rule 20.1] #include directives should only be preceded by preprocessor directives or comments. [trigger='#include <limits.h> // Violation'] [tree-sitter-query]
src/misra_c_2012_part2.c:430 [Rule 20.1] #include directives should only be preceded by preprocessor directives or comments. [trigger='#include "my/*header.h" // Violation'] [tree-sitter-query]
src/misra_c_2012_part2.c:430 [Rule 20.2] The ', " or \ characters and the /* or // character sequences shall not occur in a header file name. [trigger='"my/*header.h"'] [tree-sitter-query]
src/misra_c_2012_part2.c:432 [Rule 20.3] The \ character shall not be used to splice a macro definition across more than one line. [trigger='#define SPLICE_MACRO \ 1 // Violation'] [tree-sitter-query]
src/misra_c_2012_part2.c:437 [Rule 20.1] #include directives should only be preceded by preprocessor directives or comments. [trigger='#include INC_FILE // Violation (should be literal string in most interpretations)'] [tree-sitter-query]
src/misra_c_2012_part2.c:444 [Rule 20.5] #undef should not be used. [trigger='#undef'] [tree-sitter-query]
src/misra_c_2012_part2.c:447 [Rule 20.7] In the definition of a function-like macro, each instance of a parameter should be enclosed in parentheses. [trigger='MACRO_D'] [clang-heuristic]
src/misra_c_2012_part2.c:448 [Rule 20.6] Arguments to a function-like macro shall not contain tokens that look like preprocessing directives. [trigger='#define Y 1'] [clang-heuristic]
src/misra_c_2012_part2.c:451 [Rule 20.7] In the definition of a function-like macro, each instance of a parameter should be enclosed in parentheses. [trigger='MACRO_E'] [clang-heuristic]
src/misra_c_2012_part2.c:454 [Rule 20.8] The controlling expression of #if should evaluate to 0 or 1 (found literal value 2). [trigger='#if 2'] [tree-sitter-query]
src/misra_c_2012_part2.c:458 [Rule 20.9] Identifier 'UNDEFINED_MACRO' used in #if expression is not #define'd before evaluation. [trigger='UNDEFINED_MACRO'] [tree-sitter-query]
src/misra_c_2012_part2.c:462 [Rule 16-3-1] There shall be at most one occurrence of the # or ## preprocessor operators in a single macro definition. [trigger='MACRO_F'] [clang-heuristic]
src/misra_c_2012_part2.c:462 [Rule 20.10] The # and ## preprocessor operators should not be used. [trigger='MACRO_F'] [clang-heuristic]
src/misra_c_2012_part2.c:462 [Rule 20.7] In the definition of a function-like macro, each instance of a parameter should be enclosed in parentheses. [trigger='MACRO_F'] [clang-heuristic]
src/misra_c_2012_part2.c:465 [Rule 16-3-1] There shall be at most one occurrence of the # or ## preprocessor operators in a single macro definition. [trigger='MACRO_G'] [clang-heuristic]
src/misra_c_2012_part2.c:465 [Rule 20.10] The # and ## preprocessor operators should not be used. [trigger='MACRO_G'] [clang-heuristic]
src/misra_c_2012_part2.c:465 [Rule 20.7] In the definition of a function-like macro, each instance of a parameter should be enclosed in parentheses. [trigger='MACRO_G'] [clang-heuristic]
src/misra_c_2012_part2.c:465 [Rule 20.11] A macro parameter immediately following a # operator shall not immediately be followed by a ## operator. [trigger='MACRO_G'] [clang-heuristic]
src/misra_c_2012_part2.c:468 [Rule 20.10] The # and ## preprocessor operators should not be used. [trigger='MACRO_H'] [clang-heuristic]
src/misra_c_2012_part2.c:468 [Rule 20.7] In the definition of a function-like macro, each instance of a parameter should be enclosed in parentheses. [trigger='MACRO_H'] [clang-heuristic]
src/misra_c_2012_part2.c:468 [Rule 20.12] Macro parameter 'x' is used as operand to #/## and also in normal replacement context. [trigger='MACRO_H'] [clang-heuristic]
src/misra_c_2012_part2.c:480 [Rule 21.2] A reserved identifier or macro name shall not be declared. [trigger='int __my_var;'] [clang-fallback-scan]
src/misra_c_2012_part2.c:480 [Rule 2.8] A project should not contain unused object definitions. [trigger='__my_var'] [clang-fallback-scan]
src/misra_c_2012_part2.c:483 [Rule 21.1] #define and #undef shall not be used on a reserved identifier or reserved macro name: '__LINE__' [trigger='__LINE__'] [clang-heuristic]
src/misra_c_2012_part2.c:486 [Rule 8.4] A compatible declaration shall be visible when function 'rule_21_3' is defined. [trigger='rule_21_3'] [clang-heuristic]
src/misra_c_2012_part2.c:487 [Rule 21.3] The memory allocation and deallocation functions of <stdlib.h> shall not be used. [trigger='malloc'] [tree-sitter-query]
src/misra_c_2012_part2.c:488 [Rule 21.3] The memory allocation and deallocation functions of <stdlib.h> shall not be used. [trigger='free'] [tree-sitter-query]
src/misra_c_2012_part2.c:492 [Rule 21.4] The standard header file <setjmp.h> shall not be used. [trigger='<setjmp.h>'] [tree-sitter-query]
src/misra_c_2012_part2.c:492 [Rule 20.1] #include directives should only be preceded by preprocessor directives or comments. [trigger='#include <setjmp.h> // Violation'] [tree-sitter-query]
src/misra_c_2012_part2.c:495 [Rule 21.5] The standard header file <signal.h> shall not be used. [trigger='<signal.h>'] [tree-sitter-query]
src/misra_c_2012_part2.c:495 [Rule 20.1] #include directives should only be preceded by preprocessor directives or comments. [trigger='#include <signal.h> // Violation'] [tree-sitter-query]
src/misra_c_2012_part2.c:498 [Rule 21.6] The standard header file <stdio.h> shall not be used. [trigger='<stdio.h>'] [tree-sitter-query]
src/misra_c_2012_part2.c:498 [Rule 20.1] #include directives should only be preceded by preprocessor directives or comments. [trigger='#include <stdio.h> // Violation'] [tree-sitter-query]
src/misra_c_2012_part2.c:499 [Rule 8.4] A compatible declaration shall be visible when function 'rule_21_6' is defined. [trigger='rule_21_6'] [clang-heuristic]
src/misra_c_2012_part2.c:500 [Rule 17.7] The value returned by a function having non-void return type shall be used [trigger='printf ( "Violation\n" )'] [clang-heuristic]
src/misra_c_2012_part2.c:504 [Rule 8.4] A compatible declaration shall be visible when function 'rule_21_7' is defined. [trigger='rule_21_7'] [clang-heuristic]
src/misra_c_2012_part2.c:505 [Rule 21.7] The atoi function of <stdlib.h> shall not be used [trigger='atoi'] [clang-heuristic]
src/misra_c_2012_part2.c:509 [Rule 8.4] A compatible declaration shall be visible when function 'rule_21_8' is defined. [trigger='rule_21_8'] [clang-heuristic]
src/misra_c_2012_part2.c:510 [Rule 21.8] The library function exit of <stdlib.h> shall not be used [trigger='exit'] [clang-heuristic]
src/misra_c_2012_part2.c:511 [Rule 17.11] A function that never returns should be declared with a _Noreturn function specifier. [trigger='rule_21_8'] [clang-fallback-scan]
src/misra_c_2012_part2.c:514 [Rule 8.4] A compatible declaration shall be visible when function 'rule_21_9' is defined. [trigger='rule_21_9'] [clang-heuristic]
src/misra_c_2012_part2.c:516 [Rule 21.9] The bsearch and qsort functions of <stdlib.h> shall not be used [trigger='bsearch(NULL, arr, 1, 4, NULL);'] [clang-fallback-scan]
src/misra_c_2012_part2.c:520 [Rule 21.10] The standard header file <time.h> shall not be used. [trigger='<time.h>'] [tree-sitter-query]
src/misra_c_2012_part2.c:520 [Rule 20.1] #include directives should only be preceded by preprocessor directives or comments. [trigger='#include <time.h> // Violation'] [tree-sitter-query]
src/misra_c_2012_part2.c:523 [Rule 21.11] The standard header file <tgmath.h> shall not be used. [trigger='<tgmath.h>'] [tree-sitter-query]
src/misra_c_2012_part2.c:523 [Rule 20.1] #include directives should only be preceded by preprocessor directives or comments. [trigger='#include <tgmath.h> // Violation'] [tree-sitter-query]
src/misra_c_2012_part2.c:526 [Rule 21.12] The standard header file <fenv.h> shall not be used. [trigger='<fenv.h>'] [tree-sitter-query]
src/misra_c_2012_part2.c:526 [Rule 20.1] #include directives should only be preceded by preprocessor directives or comments. [trigger='#include <fenv.h> // Violation'] [tree-sitter-query]
src/misra_c_2012_part2.c:529 [Rule 8.4] A compatible declaration shall be visible when function 'rule_21_14' is defined. [trigger='rule_21_14'] [clang-heuristic]
src/misra_c_2012_part2.c:530 [Rule 21.14] The Standard Library function memcmp shall not be used to compare null terminated strings. [trigger='"abc"'] [clang-fallback-scan]
src/misra_c_2012_part2.c:534 [Rule 8.4] A compatible declaration shall be visible when function 'rule_21_13' is defined. [trigger='rule_21_13'] [clang-heuristic]
src/misra_c_2012_part2.c:535 [Rule 21.13] Any value passed to a function in <ctype.h> shall be representable as an unsigned char or be the value EOF. [trigger='-2'] [clang-fallback-scan]
src/misra_c_2012_part2.c:539 [Rule 8.4] A compatible declaration shall be visible when function 'rule_21_15' is defined. [trigger='rule_21_15'] [clang-heuristic]
src/misra_c_2012_part2.c:540 [Rule 9.3] Array partially initialized (1 of 4 elements) [trigger='{ 0 }'] [clang-heuristic]
src/misra_c_2012_part2.c:541 [Rule 9.3] Array partially initialized (1 of 4 elements) [trigger='{ 0.0f }'] [clang-heuristic]
src/misra_c_2012_part2.c:542 [Rule 21.15] The pointer arguments to the Standard Library functions memcpy, memmove and memcmp shall be pointers to qualified or unqualified versions of compatible types. [trigger='memcmp'] [clang-fallback-scan]
src/misra_c_2012_part2.c:542 [Rule 21.16] The pointer arguments to the Standard Library function memcmp shall point to either a pointer type, an essentially signed type, an essentially unsigned type, an essentially Boolean type or an essentially enum type. [trigger='memcmp'] [clang-fallback-scan]
src/misra_c_2012_part2.c:546 [Rule 8.4] A compatible declaration shall be visible when function 'rule_21_16' is defined. [trigger='rule_21_16'] [clang-heuristic]
src/misra_c_2012_part2.c:547 [Rule 9.3] Array partially initialized (1 of 2 elements) [trigger='{ 0.0f }'] [clang-heuristic]
src/misra_c_2012_part2.c:548 [Rule 21.16] The pointer arguments to the Standard Library function memcmp shall point to either a pointer type, an essentially signed type, an essentially unsigned type, an essentially Boolean type or an essentially enum type. [trigger='memcmp'] [clang-fallback-scan]
src/misra_c_2012_part2.c:552 [Rule 8.4] A compatible declaration shall be visible when function 'rule_21_18' is defined. [trigger='rule_21_18'] [clang-heuristic]
src/misra_c_2012_part2.c:553 [Rule 9.3] Array partially initialized (1 of 4 elements) [trigger='{ 0 }'] [clang-heuristic]
src/misra_c_2012_part2.c:554 [Rule 9.3] Array partially initialized (1 of 4 elements) [trigger='{ 0 }'] [clang-heuristic]
src/misra_c_2012_part2.c:555 [Rule 21.18] The size_t argument passed to any function in <string.h> shall have an appropriate value. [trigger='(size_t)-1'] [clang-fallback-scan]
src/misra_c_2012_part2.c:559 [Rule 8.4] A compatible declaration shall be visible when function 'rule_21_17' is defined. [trigger='rule_21_17'] [clang-heuristic]
src/misra_c_2012_part2.c:560 [Rule 9.3] Array partially initialized (1 of 4 elements) [trigger='{ 0 }'] [clang-heuristic]
src/misra_c_2012_part2.c:561 [Rule 21.17] Use of the string handling functions from <string.h> shall not result in accesses beyond the bounds of the objects referenced by their pointer parameters. [trigger='small'] [clang-fallback-scan]
src/misra_c_2012_part2.c:565 [Rule 8.4] A compatible declaration shall be visible when function 'rule_21_19' is defined. [trigger='rule_21_19'] [clang-heuristic]
src/misra_c_2012_part2.c:566 [Rule 21.19] The pointers returned by the Standard Library functions localeconv, getenv, setlocale or strerror shall only be used as if they have pointer to const-qualified type. [trigger='strerror'] [clang-fallback-scan]
src/misra_c_2012_part2.c:567 [Rule 10.3] Implicit cast to a narrower essential type [trigger='msg [ 0 ] = 'X''] [clang-heuristic]
src/misra_c_2012_part2.c:571 [Rule 8.4] A compatible declaration shall be visible when function 'rule_21_20' is defined. [trigger='rule_21_20'] [clang-heuristic]
src/misra_c_2012_part2.c:573 [Rule 21.10] The Standard Library time and date functions shall not be used [trigger='localtime'] [clang-heuristic]
src/misra_c_2012_part2.c:574 [Rule 21.10] The Standard Library time and date functions shall not be used [trigger='localtime'] [clang-heuristic]
src/misra_c_2012_part2.c:575 [Rule 21.20] The pointer returned by 'localtime' shall not be used following a subsequent call to the same function. [trigger='first'] [clang-fallback-scan]
src/misra_c_2012_part2.c:581 [Rule 8.4] A compatible declaration shall be visible when function 'rule_21_21' is defined. [trigger='rule_21_21'] [clang-heuristic]
src/misra_c_2012_part2.c:582 [Rule 21.8] The library function system of <stdlib.h> shall not be used [trigger='system'] [clang-heuristic]
src/misra_c_2012_part2.c:582 [Rule 21.21] The Standard Library system of <stdlib.h> shall not be used. [trigger='(void)system("echo violated");'] [clang-fallback-scan]
src/misra_c_2012_part2.c:586 [Rule 8.4] A compatible declaration shall be visible when function 'rule_21_24' is defined. [trigger='rule_21_24'] [clang-heuristic]
src/misra_c_2012_part2.c:587 [Rule 21.24] The random number generator functions of <stdlib.h> shall not be used. [trigger='srand(1U);'] [clang-fallback-scan]
src/misra_c_2012_part2.c:588 [Rule 21.24] The random number generator functions of <stdlib.h> shall not be used. [trigger='(void)rand();'] [clang-fallback-scan]
src/misra_c_2012_part2.c:592 [Rule 8.4] A compatible declaration shall be visible when function 'rule_22_1' is defined. [trigger='rule_22_1'] [clang-heuristic]
src/misra_c_2012_part2.c:593 [Rule 22.1] All resources obtained dynamically by means of Standard Library functions shall be explicitly released. [trigger='resource[1224954440] kind=file'] [clang-heuristic]
src/misra_c_2012_part2.c:597 [Rule 8.4] A compatible declaration shall be visible when function 'rule_22_2' is defined. [trigger='rule_22_2'] [clang-heuristic]
src/misra_c_2012_part2.c:599 [Rule 21.3] The memory allocation and deallocation functions of <stdlib.h> shall not be used. [trigger='free'] [tree-sitter-query]
src/misra_c_2012_part2.c:599 [Rule 22.2] A block of memory shall only be freed if it was allocated by means of a Standard Library function. [trigger='free'] [clang-heuristic]
src/misra_c_2012_part2.c:603 [Rule 8.4] A compatible declaration shall be visible when function 'rule_22_3' is defined. [trigger='rule_22_3'] [clang-heuristic]
src/misra_c_2012_part2.c:604 [Rule 22.1] All resources obtained dynamically by means of Standard Library functions shall be explicitly released. [trigger='resource[776778527] kind=file'] [clang-heuristic]
src/misra_c_2012_part2.c:604 [Rule 22.3] The same file 'same_file.txt' shall not be open for read and write access at the same time on different streams. [trigger='same_file.txt'] [clang-heuristic]
src/misra_c_2012_part2.c:605 [Rule 22.1] All resources obtained dynamically by means of Standard Library functions shall be explicitly released. [trigger='resource[95450845] kind=file'] [clang-heuristic]
src/misra_c_2012_part2.c:612 [Rule 8.4] A compatible declaration shall be visible when function 'rule_22_4' is defined. [trigger='rule_22_4'] [clang-heuristic]
src/misra_c_2012_part2.c:615 [Rule 22.4] There shall be no attempt to write to a stream which has been opened as read-only. [trigger='fputs'] [clang-heuristic]
src/misra_c_2012_part2.c:615 [Rule 17.7] The value returned by a function having non-void return type shall be used [trigger='fputs ( "write attempt\n" , f )'] [clang-heuristic]
src/misra_c_2012_part2.c:616 [Rule 17.7] The value returned by a function having non-void return type shall be used [trigger='fclose ( f )'] [clang-heuristic]
src/misra_c_2012_part2.c:621 [Rule 8.4] A compatible declaration shall be visible when function 'rule_22_5' is defined. [trigger='rule_22_5'] [clang-heuristic]
src/misra_c_2012_part2.c:624 [Rule 22.5] A pointer to a FILE object shall not be dereferenced [trigger='* f'] [clang-heuristic]
src/misra_c_2012_part2.c:625 [Rule 17.7] The value returned by a function having non-void return type shall be used [trigger='fclose ( f )'] [clang-heuristic]
src/misra_c_2012_part2.c:630 [Rule 8.4] A compatible declaration shall be visible when function 'rule_22_6' is defined. [trigger='rule_22_6'] [clang-heuristic]
src/misra_c_2012_part2.c:633 [Rule 17.7] The value returned by a function having non-void return type shall be used [trigger='fclose ( f )'] [clang-heuristic]
src/misra_c_2012_part2.c:634 [Rule 22.6] The value of a pointer to a FILE shall not be used after the associated stream has been closed. [trigger='fputs'] [clang-heuristic]
src/misra_c_2012_part2.c:634 [Rule 17.7] The value returned by a function having non-void return type shall be used [trigger='fputs ( "use after close\n" , f )'] [clang-heuristic]
src/misra_c_2012_part2.c:639 [Rule 8.4] A compatible declaration shall be visible when function 'rule_22_7' is defined. [trigger='rule_22_7'] [clang-heuristic]
src/misra_c_2012_part2.c:641 [Rule 22.7] The macro EOF shall only be compared with the unmodified return value from any Standard Library function capable of returning EOF. [trigger='if (c'] [clang-fallback-scan]
src/misra_c_2012_part2.c:649 [Rule 8.4] A compatible declaration shall be visible when function 'rule_22_8_9_10' is defined. [trigger='rule_22_8_9_10'] [clang-heuristic]
src/misra_c_2012_part2.c:651 [Rule 22.8] The value of errno shall be set to zero prior to a call to an errno-setting-function. [trigger='strtol'] [clang-fallback-scan]
src/misra_c_2012_part2.c:651 [Rule 22.9] The value of errno shall be tested against zero after calling an errno-setting-function ('strtol'). [trigger='strtol'] [clang-fallback-scan]
src/misra_c_2012_part2.c:659 [Rule 22.10] The value of errno shall only be tested when the last function to be called was an errno-setting-function. [trigger='if (errno == 0) {'] [clang-fallback-scan]
src/misra_c_2012_part2.c:671 [Rule 8.4] A compatible declaration shall be visible when function 'rule_22_threads' is defined. [trigger='rule_22_threads'] [clang-heuristic]
src/misra_c_2012_part2.c:673 [Rule 22.12] Thread objects, thread synchronization objects, and thread-specific storage pointers shall only be accessed by the appropriate Standard Library functions. [trigger='thrd_join'] [clang-fallback-scan]
src/misra_c_2012_part2.c:674 [Rule 17.7] The value returned by a function having non-void return type shall be used [trigger='thrd_detach ( t )'] [clang-heuristic]
src/misra_c_2012_part2.c:674 [Rule 22.12] Thread objects, thread synchronization objects, and thread-specific storage pointers shall only be accessed by the appropriate Standard Library functions. [trigger='thrd_detach'] [clang-fallback-scan]
src/misra_c_2012_part2.c:674 [Rule 22.11] A thread that was previously either joined or detached shall not be subsequently joined nor detached. [trigger='thrd_detach'] [clang-fallback-scan]
src/misra_c_2012_part2.c:680 [Rule 17.7] The value returned by a function having non-void return type shall be used [trigger='mtx_lock ( & m1 )'] [clang-heuristic]
src/misra_c_2012_part2.c:680 [Rule 22.14] Thread synchronization objects shall be initialized before being accessed. [trigger='mtx_lock'] [clang-fallback-scan]
src/misra_c_2012_part2.c:680 [Rule 22.16] All mutex objects locked by a thread shall be explicitly unlocked by the same thread. [trigger='mutex'] [clang-fallback-scan]
src/misra_c_2012_part2.c:681 [Rule 17.7] The value returned by a function having non-void return type shall be used [trigger='mtx_init ( & m1 , mtx_plain )'] [clang-heuristic]
src/misra_c_2012_part2.c:682 [Rule 17.7] The value returned by a function having non-void return type shall be used [trigger='mtx_lock ( & m1 )'] [clang-heuristic]
src/misra_c_2012_part2.c:682 [Rule 22.18] Non-recursive mutexes shall not be recursively locked. [trigger='mtx_lock'] [clang-fallback-scan]
src/misra_c_2012_part2.c:683 [Rule 17.7] The value returned by a function having non-void return type shall be used [trigger='mtx_lock ( & m1 )'] [clang-heuristic]
src/misra_c_2012_part2.c:683 [Rule 22.18] Non-recursive mutexes shall not be recursively locked. [trigger='mtx_lock'] [clang-fallback-scan]
src/misra_c_2012_part2.c:684 [Rule 17.7] The value returned by a function having non-void return type shall be used [trigger='mtx_unlock ( & m2 )'] [clang-heuristic]
src/misra_c_2012_part2.c:684 [Rule 22.14] Thread synchronization objects shall be initialized before being accessed. [trigger='mtx_unlock'] [clang-fallback-scan]
src/misra_c_2012_part2.c:684 [Rule 22.17] No thread shall unlock a mutex or call cnd_wait() or cnd_timedwait() for a mutex it has not locked before. [trigger='mtx_unlock'] [clang-fallback-scan]
src/misra_c_2012_part2.c:686 [Rule 17.7] The value returned by a function having non-void return type shall be used [trigger='cnd_init ( & c )'] [clang-heuristic]
src/misra_c_2012_part2.c:687 [Rule 17.7] The value returned by a function having non-void return type shall be used [trigger='cnd_wait ( & c , & m2 )'] [clang-heuristic]
src/misra_c_2012_part2.c:687 [Rule 22.14] Thread synchronization objects shall be initialized before being accessed. [trigger='cnd_wait'] [clang-fallback-scan]
src/misra_c_2012_part2.c:687 [Rule 22.17] No thread shall unlock a mutex or call cnd_wait() or cnd_timedwait() for a mutex it has not locked before. [trigger='cnd_wait'] [clang-fallback-scan]
src/misra_c_2012_part2.c:688 [Rule 17.7] The value returned by a function having non-void return type shall be used [trigger='mtx_init ( & m2 , mtx_plain )'] [clang-heuristic]
src/misra_c_2012_part2.c:689 [Rule 17.7] The value returned by a function having non-void return type shall be used [trigger='cnd_wait ( & c , & m1 )'] [clang-heuristic]
src/misra_c_2012_part2.c:689 [Rule 22.19] A condition variable shall be associated with at most one mutex object. [trigger='cnd_wait'] [clang-fallback-scan]
src/misra_c_2012_part2.c:690 [Rule 17.7] The value returned by a function having non-void return type shall be used [trigger='cnd_wait ( & c , & m2 )'] [clang-heuristic]
src/misra_c_2012_part2.c:690 [Rule 22.17] No thread shall unlock a mutex or call cnd_wait() or cnd_timedwait() for a mutex it has not locked before. [trigger='cnd_wait'] [clang-fallback-scan]
src/misra_c_2012_part2.c:692 [Rule 22.20] Thread-specific storage pointers shall be created before being accessed. [trigger='tss_get'] [clang-fallback-scan]
src/misra_c_2012_part2.c:699 [Rule 22.13] Thread objects, thread synchronization objects and thread-specific storage pointers shall have appropriate storage duration. [trigger='static thrd_t g_rule_22_13_thread;'] [clang-fallback-scan]
src/misra_c_2012_part2.c:699 [Rule 2.8] A project should not contain unused object definitions. [trigger='g_rule_22_13_thread'] [clang-fallback-scan]
src/misra_c_2012_part2.c:703 [Rule 8.4] A compatible declaration shall be visible when function 'rule_22_12_13_15' is defined. [trigger='rule_22_12_13_15'] [clang-heuristic]
src/misra_c_2012_part2.c:709 [Rule 22.12] Thread objects, thread synchronization objects, and thread-specific storage pointers shall only be accessed by the appropriate Standard Library functions. [trigger='thrd_join'] [clang-fallback-scan]
src/misra_c_2012_part2.c:710 [Rule 22.12] Thread objects, thread synchronization objects, and thread-specific storage pointers shall only be accessed by the appropriate Standard Library functions. [trigger='rule_22_12_13_15'] [clang-fallback-scan]
src/misra_c_2012_part2.c:716 [Rule 22.15] Thread synchronization objects and thread-specific storage pointers shall not be destroyed until after all threads accessing them have terminated. [trigger='mtx_destroy'] [clang-fallback-scan]
src/misra_c_2012_part2.c:721 [Rule 19.2] The union keyword should not be used. [trigger='union rule_6_3_u { unsigned int bf : 3; // Violation unsigned int v; }'] [tree-sitter-query]
src/misra_c_2012_part2.c:721 [Rule 2.4] Unused tag declaration: 'rule_6_3_u' [trigger='rule_6_3_u'] [clang-heuristic]
src/misra_c_2012_part2.c:722 [Rule 6.3] A bit field shall not be declared as a member of a union. [trigger='unsigned int bf : 3;'] [clang-fallback-scan]
src/misra_c_2012_part2.c:727 [Rule 11.10] The _Atomic qualifier shall not be applied to the incomplete type void. [trigger='_Atomic(void) *rule_11_10_p;'] [clang-fallback-scan]
src/misra_c_2012_part2.c:730 [Rule 8.4] A compatible declaration shall be visible when function 'rule_12_5' is defined. [trigger='rule_12_5'] [clang-heuristic]
src/misra_c_2012_part2.c:731 [Rule 12.5] The sizeof operator shall not have an operand which is a function parameter declared as 'array of type'. [trigger='size_t s = sizeof(arr)'] [clang-fallback-scan]
src/misra_c_2012_part2.c:737 [Rule 8.4] A compatible declaration shall be visible when function 'rule_17_10_bad' is defined. [trigger='rule_17_10_bad'] [clang-heuristic]
src/misra_c_2012_part2.c:737 [Rule 17.10] A function declared with a _Noreturn function specifier shall have void return type. [trigger='rule_17_10_bad'] [clang-fallback-scan]
src/misra_c_2012_part2.c:738 [Rule 17.9] A function declared with a _Noreturn function specifier shall not return to its caller. [trigger='rule_17_10_bad'] [clang-fallback-scan]
src/misra_c_2012_part2.c:742 [Rule 8.4] A compatible declaration shall be visible when function 'rule_18_10' is defined. [trigger='rule_18_10'] [clang-heuristic]
src/misra_c_2012_part2.c:743 [Rule 18.10] Pointers to variably-modified array types shall not be used. [trigger='int (*p)[n]'] [clang-fallback-scan]
src/misra_c_2012_part2.c:748 [Rule 2.8] A project should not contain unused object definitions. [trigger='rule_2_8_unused_object'] [clang-fallback-scan]
src/misra_c_2012_part2.c:753 [Rule 8.15] All declarations of an object with an explicit alignment specification shall specify the same alignment. [trigger='rule_8_15_obj'] [clang-fallback-scan]
src/misra_c_2012_part2.c:754 [Rule 8.15] All declarations of an object with an explicit alignment specification shall specify the same alignment. [trigger='rule_8_15_obj'] [clang-fallback-scan]
src/misra_c_2012_part2.c:755 [Rule 8.16] The alignment specification of zero should not appear in an object declaration. [trigger='_Alignas(0) int rule_8_16_zero_align;'] [clang-fallback-scan]
src/misra_c_2012_part2.c:755 [Rule 2.8] A project should not contain unused object definitions. [trigger='rule_8_16_zero_align'] [clang-fallback-scan]
src/misra_c_2012_part2.c:756 [Rule 8.17] At most one explicit alignment specifier should appear in an object declaration. [trigger='_Alignas(8) _Alignas(16) int rule_8_17_multi_align;'] [clang-fallback-scan]
src/misra_c_2012_part2.c:761 [Rule 8.4] A compatible declaration shall be visible when function 'rule_12_6' is defined. [trigger='rule_12_6'] [clang-heuristic]
src/misra_c_2012_part2.c:762 [Rule 12.6] Structure and union members of atomic objects shall not be directly accessed. [trigger='rule_12_6_obj'] [clang-fallback-scan]
src/misra_c_2012_part2.c:767 [Rule 8.4] A compatible declaration shall be visible when function 'rule_17_12_target' is defined. [trigger='rule_17_12_target'] [clang-heuristic]
src/misra_c_2012_part2.c:767 [Rule 17.4] All exit paths from a function with non-void return type shall have an explicit return statement with an expression [trigger='rule_17_12_target'] [clang-heuristic]
src/misra_c_2012_part2.c:768 [Rule 8.4] A compatible declaration shall be visible when function 'rule_17_12' is defined. [trigger='rule_17_12'] [clang-heuristic]
src/misra_c_2012_part2.c:769 [Rule 17.12] A function identifier should only be used with either a preceding &, or with a parenthesised parameter list. [trigger='rule_17_12_target'] [clang-fallback-scan]
src/misra_c_2012_part2.c:770 [Rule 11.1] Conversions shall not be performed between a pointer to a function and any other type [trigger='( void ) fp'] [clang-heuristic]
src/misra_c_2012_part2.c:775 [Rule 8.4] A compatible declaration shall be visible when function 'rule_21_25' is defined. [trigger='rule_21_25'] [clang-heuristic]
src/misra_c_2012_part2.c:776 [Rule 21.25] All memory synchronization operations shall be executed in sequentially consistent order. [trigger='atomic_store_explicit(&rule_21_25_atomic, 1, memory_order_relaxed);'] [clang-fallback-scan]
src/misra_c_2012_part2.c:780 [Rule 8.4] A compatible declaration shall be visible when function 'rule_21_26' is defined. [trigger='rule_21_26'] [clang-heuristic]
src/misra_c_2012_part2.c:784 [Rule 21.26] The Standard Library function mtx_timedlock() shall only be invoked on mutex objects of appropriate mutex type. [trigger='mtx_timedlock'] [clang-fallback-scan]
src/misra_c_2012_part2.c:788 [Rule 8.4] A compatible declaration shall be visible when function 'rule_21_22' is defined. [trigger='rule_21_22'] [clang-heuristic]
src/misra_c_2012_part2.c:789 [Rule 21.22] All operand arguments to any type-generic macros declared in <tgmath.h> shall have an appropriate essential type. [trigger='fmax'] [clang-fallback-scan]
src/misra_c_2012_part2.c:794 [Rule 8.4] A compatible declaration shall be visible when function 'rule_21_23' is defined. [trigger='rule_21_23'] [clang-heuristic]
src/misra_c_2012_part2.c:795 [Rule 10.8] Composite expression cast to wider essential type. [trigger='fmax'] [clang-heuristic]
src/misra_c_2012_part2.c:795 [Rule 11.4] A conversion should not be performed between a pointer to object and an integer type [trigger='fmax'] [clang-heuristic]
src/misra_c_2012_part2.c:795 [Rule 11.6] A cast shall not be performed between pointer to void and an arithmetic type [trigger='fmax'] [clang-heuristic]
src/misra_c_2012_part2.c:795 [Rule 11.7] A cast shall not be performed between pointer to object and a non-integer arithmetic type [trigger='fmax'] [clang-heuristic]
src/misra_c_2012_part2.c:795 [Rule 21.23] All operand arguments to any multi-argument type-generic macros declared in <tgmath.h> shall have the same standard type. [trigger='1.0f, 2.0'] [clang-fallback-scan]
src/misra_c_2012_part2.c:801 [Rule 8.4] A compatible declaration shall be visible when function 'rule_23_1_2' is defined. [trigger='rule_23_1_2'] [clang-heuristic]
src/misra_c_2012_part2.c:803 [Rule 23.1] A generic selection should only be expanded from a macro. [trigger='int y = _Generic(++x, int: 1, default: 0);'] [clang-fallback-scan]
src/misra_c_2012_part2.c:803 [Rule 23.2] A generic selection that is not expanded from a macro shall not contain potential side effects in the controlling expression. [trigger='++x'] [clang-fallback-scan]
src/misra_c_2012_part2.c:808 [Rule 8.4] A compatible declaration shall be visible when function 'rule_23_3' is defined. [trigger='rule_23_3'] [clang-heuristic]
src/misra_c_2012_part2.c:810 [Rule 23.1] A generic selection should only be expanded from a macro. [trigger='int y = _Generic(x, default: 0);'] [clang-fallback-scan]
src/misra_c_2012_part2.c:810 [Rule 23.3] A generic selection should contain at least one non-default association. [trigger='default: 0'] [clang-fallback-scan]
src/misra_c_2012_part2.c:815 [Rule 8.4] A compatible declaration shall be visible when function 'rule_23_8' is defined. [trigger='rule_23_8'] [clang-heuristic]
src/misra_c_2012_part2.c:817 [Rule 23.1] A generic selection should only be expanded from a macro. [trigger='int y = _Generic(x, int: 1, default: 0, long: 2);'] [clang-fallback-scan]
src/misra_c_2012_part2.c:817 [Rule 23.8] A default association shall appear as either the first or the last association of a generic selection. [trigger='int: 1, default: 0, long: 2'] [clang-fallback-scan]
src/misra_c_2012_part2.c:822 [Rule 23.7] A generic selection that is expanded from a macro should evaluate its argument only once. [trigger='RULE_23_7_MACRO'] [clang-fallback-scan]
src/misra_c_2012_part2.c:823 [Rule 8.4] A compatible declaration shall be visible when function 'rule_23_7' is defined. [trigger='rule_23_7'] [clang-heuristic]
src/misra_c_2012_part2.c:830 [Rule 8.4] A compatible declaration shall be visible when function 'rule_23_4' is defined. [trigger='rule_23_4'] [clang-heuristic]
src/misra_c_2012_part2.c:832 [Rule 23.1] A generic selection should only be expanded from a macro. [trigger='int y = _Generic(x, struct bad_type *: 1, default: 0);'] [clang-fallback-scan]
src/misra_c_2012_part2.c:832 [Rule 23.4] A generic association shall list an appropriate type. [trigger='struct bad_type *'] [clang-fallback-scan]
src/misra_c_2012_part2.c:837 [Rule 8.4] A compatible declaration shall be visible when function 'rule_23_5' is defined. [trigger='rule_23_5'] [clang-heuristic]
src/misra_c_2012_part2.c:839 [Rule 11.3] A cast shall not be performed between a pointer to object type and a pointer to a different object type [trigger='( char * ) & x'] [clang-heuristic]
src/misra_c_2012_part2.c:839 [Rule 23.1] A generic selection should only be expanded from a macro. [trigger='int y = _Generic((char *)&x, int *: 1, default: 0);'] [clang-fallback-scan]
src/misra_c_2012_part2.c:839 [Rule 23.5] A generic selection should not depend on implicit pointer type conversion. [trigger='(char *)&x'] [clang-fallback-scan]
src/misra_c_2012_part2.c:844 [Rule 8.4] A compatible declaration shall be visible when function 'rule_23_6' is defined. [trigger='rule_23_6'] [clang-heuristic]
src/misra_c_2012_part2.c:845 [Rule 2.4] Unused tag declaration: 'rule_23_6_e' [trigger='rule_23_6_e'] [clang-heuristic]
src/misra_c_2012_part2.c:846 [Rule 23.1] A generic selection should only be expanded from a macro. [trigger='int y = _Generic(e, int: 1, default: 0);'] [clang-fallback-scan]
src/misra_c_2012_part2.c:846 [Rule 23.6] The controlling expression of a generic selection shall have an essential type that matches its standard type. [trigger='_Generic'] [clang-fallback-scan]
src/misra_c_2012_part2.c:851 [Rule 8.4] A compatible declaration shall be visible when function 'rule_7_5' is defined. [trigger='rule_7_5'] [clang-heuristic]
src/misra_c_2012_part2.c:852 [Rule 7.5] The argument of an integer-constant macro shall have an appropriate form. [trigger='1.5'] [clang-fallback-scan]
src/misra_c_2012_part2.c:857 [Rule 8.4] A compatible declaration shall be visible when function 'rule_7_6' is defined. [trigger='rule_7_6'] [clang-heuristic]
src/misra_c_2012_part2.c:858 [Rule 7.6] The small integer variants of the minimum-width integer constant macros shall not be used. [trigger='intmax_t v = INT8_C(7);'] [clang-fallback-scan]
src/misra_c_2012_part2.c:863 [Rule 8.4] A compatible declaration shall be visible when function 'rule_9_6' is defined. [trigger='rule_9_6'] [clang-heuristic]
src/misra_c_2012_part2.c:864 [Rule 9.6] An initializer using chained designators shall not contain initializers without designators. [trigger='struct { int a; int b; int c; } s = { .a = 1, 2, .c = 3 };'] [clang-fallback-scan]
src/misra_c_2012_part2.c:869 [Rule 8.4] A compatible declaration shall be visible when function 'rule_9_7' is defined. [trigger='rule_9_7'] [clang-heuristic]
src/misra_c_2012_part2.c:871 [Rule 9.7] Atomic objects shall be appropriately initialized before being accessed. [trigger='atomic_load'] [clang-fallback-scan]
src/misra_c_2012_part2.c:876 [Rule 8.4] A compatible declaration shall be visible when function 'rule_17_11' is defined. [trigger='rule_17_11'] [clang-heuristic]
src/misra_c_2012_part2.c:877 [Rule 14.2] A for loop shall be well-formed (has empty clauses) [trigger='for ( ; ; ) { }'] [clang-heuristic]
src/misra_c_2012_part2.c:879 [Rule 17.11] A function that never returns should be declared with a _Noreturn function specifier. [trigger='rule_17_11'] [clang-fallback-scan]
src/misra_c_2012_part2.c:882 [Rule 2.3] Unused typedef declaration: 'rule_17_13_fn_t' [trigger='rule_17_13_fn_t'] [clang-heuristic]
src/misra_c_2012_part2.c:882 [Rule 17.13] A function type shall not be type qualified. [trigger='typedef int (*rule_17_13_fn_t)(void) const;'] [clang-fallback-scan]
src/misra_c_2012_part2.c:885 [Rule 8.4] A compatible declaration shall be visible when function 'rule_18_9' is defined. [trigger='rule_18_9'] [clang-heuristic]
src/misra_c_2012_part2.c:886 [Rule 18.9] An object with temporary lifetime shall not undergo array-to-pointer conversion. [trigger='int *p = (int[]){1, 2, 3};'] [clang-fallback-scan]
src/misra_c_2012_part2.c:891 [Rule 20.14] All #else, #elif and #endif preprocessor directives shall reside in the same file as the directive to which they are related. (Missing 1 #endif) [trigger='missing_endif=1'] [tree-sitter-query]
src/misra_c_2012_part3_fatal.c:10 [Rule 20.4] A macro shall not be defined with the same name as a keyword. [trigger='int'] [tree-sitter-query]
src/misra_c_2012_part3_fatal.c:10 [Rule 2.5] macro is not used [trigger='int'] [clang-diagnostic]
src/misra_c_2012_part3_fatal.c:13 [Rule 20.13] A line whose first token is # shall be a valid preprocessing directive: 'invalid_directive' [trigger='#invalid_directive'] [tree-sitter-query]
src/test_unused.c:1 [Rule 2.5] macro is not used [trigger='UNUSED_MACRO'] [clang-diagnostic]
src/test_unused.c:1 [Rule 5.4] Macro identifier 'UNUSED_MACRO' is not distinct (multiple definitions). [trigger='UNUSED_MACRO'] [cross-tu-heuristic]
src/test_unused.c:3 [Rule 8.4] A compatible declaration shall be visible when function 'test_func' is defined. [trigger='test_func'] [clang-heuristic]
src/test_unused.c:4 [Rule 2.3] unused typedef 'unused_typedef' [trigger='unused_typedef'] [clang-diagnostic]
src/test_unused.c:4 [Rule 2.3] Unused typedef declaration: 'unused_typedef' [trigger='unused_typedef'] [clang-heuristic]
src/test_unused.c:5 [Rule 2.4] Unused tag declaration: 'unused_struct' [trigger='unused_struct'] [clang-heuristic]
src/test_unused.c:5 [Rule 5.7] Tag name 'unused_struct' is reused for another entity. [trigger='unused_struct'] [cross-tu-heuristic]
src/test_unused.c:6 [Rule 2.4] Unused tag declaration: 'unused_enum' [trigger='unused_enum'] [clang-heuristic]
src/test_unused.c:8 [Rule 2.2] variable 'x' set but not used [trigger='int x = 0'] [clang-diagnostic]
src/test_unused.c:9 [Rule 15.1] The goto statement should not be used. [trigger='goto my_label;'] [tree-sitter-query]
src/test_unused.c:13 [Rule 2.6] unused label 'unused_label' [trigger='unused_label'] [clang-diagnostic]
