[2026-03-13 07:08:43,449][run][INFO]: Starting analysis...
[2026-03-13 07:08:43,452][run][INFO]: Using MISRA profile: c2012 (MISRA C:2012, stable)
[2026-03-13 07:08:43,452][run][INFO]: Found 4 source files. Starting workers=4
[2026-03-13 07:08:43,454][_analyze_file][INFO]: Analyzing file: src/misra_c_2012_part1.c
[2026-03-13 07:08:43,454][_analyze_file][INFO]: Analyzing file: src/misra_c_2012_part2.c
[2026-03-13 07:08:43,455][_analyze_file][INFO]: Analyzing file: src/misra_c_2012_part3_fatal.c
[2026-03-13 07:08:43,455][_analyze_file][INFO]: Analyzing file: src/test_unused.c
[2026-03-13 07:08:43,758][_analyze_file][INFO]: Finished file: src/misra_c_2012_part3_fatal.c
[2026-03-13 07:08:43,782][run][INFO]: Progress: 1/4 files analyzed
[2026-03-13 07:08:43,782][_analyze_file][INFO]: Finished file: src/misra_c_2012_part1.c
[2026-03-13 07:08:43,793][_analyze_file][INFO]: Finished file: src/test_unused.c
[2026-03-13 07:08:43,803][run][INFO]: Progress: 2/4 files analyzed
[2026-03-13 07:08:43,804][run][INFO]: Progress: 3/4 files analyzed
[2026-03-13 07:08:43,815][_analyze_file][INFO]: Finished file: src/misra_c_2012_part2.c
[2026-03-13 07:08:43,816][run][INFO]: Progress: 4/4 files analyzed
[2026-03-13 07:08:43,816][run][INFO]: Starting clang pass in main routine over 4 files...
[2026-03-13 07:08:44,287][run][INFO]: Clang progress: 1/4 files analyzed
[2026-03-13 07:08:45,367][run][INFO]: Clang progress: 2/4 files analyzed
[2026-03-13 07:08:45,722][run][INFO]: Clang progress: 3/4 files analyzed
[2026-03-13 07:08:46,101][run][INFO]: Clang progress: 4/4 files analyzed
[2026-03-13 07:08:46,113][_write_per_rule_output][INFO]: Wrote per-rule output for 146 rules to: out/analyze/misra-c2012
[2026-03-13 07:08:46,113][print_violations][WARNING]: Found 408 violations:
src/misra_c_2012_part1.c:0 [Rule 8.7] External identifier 'rule_8_3_func' is referenced in only one translation unit and should be static. [trigger='rule_8_3_func'] [cross-tu-heuristic]
src/misra_c_2012_part1.c:0 [Rule 8.7] External identifier 'rule_8_7_var' is referenced in only one translation unit and should be static. [trigger='rule_8_7_var'] [cross-tu-heuristic]
src/misra_c_2012_part1.c:0 [Rule 8.7] External identifier 'test_8_7' is referenced in only one translation unit and should be static. [trigger='test_8_7'] [cross-tu-heuristic]
src/misra_c_2012_part1.c:17 [Rule 8.4] A compatible declaration shall be visible when function 'gcc_extension_asm' is defined. [trigger='gcc_extension_asm'] [clang-heuristic]
src/misra_c_2012_part1.c:22 [Rule 8.4] A compatible declaration shall be visible when function 'rule_1_2_statement_expr' is defined. [trigger='rule_1_2_statement_expr'] [clang-heuristic]
src/misra_c_2012_part1.c:23 [Rule 1.2] use of GNU statement expression extension [trigger='int x = ('] [clang-diagnostic]
src/misra_c_2012_part1.c:28 [Rule 8.4] A compatible declaration shall be visible when function 'rule_2_1' is defined. [trigger='rule_2_1'] [clang-heuristic]
src/misra_c_2012_part1.c:28 [Rule 17.4] All exit paths from a function with non-void return type shall have an explicit return statement with an expression [trigger='rule_2_1'] [clang-heuristic]
src/misra_c_2012_part1.c:30 [Rule 2.2] unused variable 'x' [trigger='int x = 1'] [clang-diagnostic]
src/misra_c_2012_part1.c:30 [Rule 2.1] code will never be executed [trigger='int x = 1'] [clang-diagnostic]
src/misra_c_2012_part1.c:34 [Rule 8.4] A compatible declaration shall be visible when function 'rule_2_2' is defined. [trigger='rule_2_2'] [clang-heuristic]
src/misra_c_2012_part1.c:35 [Rule 2.2] variable 'v' set but not used [trigger='rule_2_2'] [clang-diagnostic]
src/misra_c_2012_part1.c:40 [Rule 2.3] Unused typedef declaration: 'unused_type_t' [trigger='unused_type_t'] [clang-heuristic]
src/misra_c_2012_part1.c:43 [Rule 2.4] Unused tag declaration: 'unused_struct' [trigger='unused_struct'] [clang-heuristic]
src/misra_c_2012_part1.c:43 [Rule 5.7] Tag name 'unused_struct' is reused for another entity. [trigger='unused_struct'] [cross-tu-heuristic]
src/misra_c_2012_part1.c:46 [Rule 2.5] macro is not used [trigger='UNUSED_MACRO'] [clang-diagnostic]
src/misra_c_2012_part1.c:46 [Rule 5.4] Macro identifier 'UNUSED_MACRO' is not distinct (multiple definitions). [trigger='UNUSED_MACRO'] [cross-tu-heuristic]
src/misra_c_2012_part1.c:49 [Rule 8.4] A compatible declaration shall be visible when function 'rule_2_6' is defined. [trigger='rule_2_6'] [clang-heuristic]
src/misra_c_2012_part1.c:50 [Rule 2.6] unused label 'unused_label' [trigger='unused_label'] [clang-diagnostic]
src/misra_c_2012_part1.c:55 [Rule 2.7] unused parameter 'unused_param' [trigger='unused_param'] [clang-diagnostic]
src/misra_c_2012_part1.c:55 [Rule 8.4] A compatible declaration shall be visible when function 'rule_2_7' is defined. [trigger='rule_2_7'] [clang-heuristic]
src/misra_c_2012_part1.c:59 [Rule 3.1] The character sequence /* shall not be used within a C-style comment. [trigger='/* This is a comment /* Nested comment */'] [tree-sitter-query]
src/misra_c_2012_part1.c:62 [Rule 3.2] Line-splicing shall not be used in // comments. [trigger='// This comment is spliced \ and continues here // Violation'] [tree-sitter-query]
src/misra_c_2012_part1.c:66 [Rule 4.1] Octal and hexadecimal escape sequences shall be terminated. [trigger='\x1'] [tree-sitter-query]
src/misra_c_2012_part1.c:66 [Rule 2.8] A project should not contain unused object definitions. [trigger='rule_4_1'] [clang-fallback-scan]
src/misra_c_2012_part1.c:69 [Rule 4.2] trigraph converted to '#' character [trigger='#'] [clang-diagnostic]
src/misra_c_2012_part1.c:69 [Rule 2.8] A project should not contain unused object definitions. [trigger='rule_4_2'] [clang-fallback-scan]
src/misra_c_2012_part1.c:72 [Rule 2.8] A project should not contain unused object definitions. [trigger='external_id_very_long_name_1'] [clang-fallback-scan]
src/misra_c_2012_part1.c:73 [Rule 2.8] A project should not contain unused object definitions. [trigger='external_id_very_long_name_2'] [clang-fallback-scan]
src/misra_c_2012_part1.c:76 [Rule 21.2] A reserved identifier or macro name shall not be declared: '__reserved_rule_21_2' [trigger='__reserved_rule_21_2'] [clang-heuristic]
src/misra_c_2012_part1.c:76 [Rule 21.2] A reserved identifier or macro name shall not be declared. [trigger='int __reserved_rule_21_2 = 0;'] [clang-fallback-scan]
src/misra_c_2012_part1.c:76 [Rule 2.8] A project should not contain unused object definitions. [trigger='__reserved_rule_21_2'] [clang-fallback-scan]
src/misra_c_2012_part1.c:81 [Rule 8.4] A compatible declaration shall be visible when function 'rule_5_3' is defined. [trigger='rule_5_3'] [clang-heuristic]
src/misra_c_2012_part1.c:82 [Rule 5.3] declaration shadows a variable in the global scope [trigger='Violation'] [clang-diagnostic]
src/misra_c_2012_part1.c:82 [Rule 2.2] unused variable 'rule_5_3_var' [trigger='rule_5_3_var'] [clang-diagnostic]
src/misra_c_2012_part1.c:82 [Rule 5.8] Identifier 'rule_5_3_var' with external linkage has a cross-namespace collision. [trigger='rule_5_3_var'] [cross-tu-heuristic]
src/misra_c_2012_part1.c:93 [Rule 2.3] Unused typedef declaration: 'my_type_t' [trigger='my_type_t'] [clang-heuristic]
src/misra_c_2012_part1.c:93 [Rule 5.6] Typedef name 'my_type_t' is not unique across the project. [trigger='my_type_t'] [cross-tu-heuristic]
src/misra_c_2012_part1.c:94 [Rule 8.4] A compatible declaration shall be visible when function 'rule_5_6' is defined. [trigger='rule_5_6'] [clang-heuristic]
src/misra_c_2012_part1.c:95 [Rule 2.2] unused variable 'my_type_t' [trigger='my_type_t'] [clang-diagnostic]
src/misra_c_2012_part1.c:95 [Rule 5.6] Typedef name 'my_type_t' is not unique across the project. [trigger='my_type_t'] [cross-tu-heuristic]
src/misra_c_2012_part1.c:99 [Rule 2.4] Unused tag declaration: 'my_struct_tag' [trigger='my_struct_tag'] [clang-heuristic]
src/misra_c_2012_part1.c:100 [Rule 8.4] A compatible declaration shall be visible when function 'rule_5_7' is defined. [trigger='rule_5_7'] [clang-heuristic]
src/misra_c_2012_part1.c:101 [Rule 2.2] unused variable 'my_struct_tag' [trigger='my_struct_tag'] [clang-diagnostic]
src/misra_c_2012_part1.c:108 [Rule 2.4] Unused tag declaration: 'rule_6_1_s' [trigger='rule_6_1_s'] [clang-heuristic]
src/misra_c_2012_part1.c:109 [Rule 6.1] Bit-fields shall only be declared with an appropriate type (explicit signed/unsigned). [trigger='int b : 1;'] [tree-sitter-query]
src/misra_c_2012_part1.c:113 [Rule 2.4] Unused tag declaration: 'rule_6_2_s' [trigger='rule_6_2_s'] [clang-heuristic]
src/misra_c_2012_part1.c:114 [Rule 6.2] Single-bit named bit fields shall not be of a signed type. [trigger='signed int b : 1;'] [tree-sitter-query]
src/misra_c_2012_part1.c:118 [Rule 7.1] Octal constants shall not be used. [trigger='0123'] [tree-sitter-query]
src/misra_c_2012_part1.c:118 [Rule 2.8] A project should not contain unused object definitions. [trigger='rule_7_1'] [clang-fallback-scan]
src/misra_c_2012_part1.c:121 [Rule 10.3] Implicit cast to a different essential type category [trigger='unsigned int rule_7_2 = 1000000000'] [clang-heuristic]
src/misra_c_2012_part1.c:121 [Rule 2.8] A project should not contain unused object definitions. [trigger='rule_7_2'] [clang-fallback-scan]
src/misra_c_2012_part1.c:124 [Rule 7.3] The lowercase character 'l' shall not be used in a literal suffix. [trigger='123l'] [tree-sitter-query]
src/misra_c_2012_part1.c:124 [Rule 2.8] A project should not contain unused object definitions. [trigger='str_7_3'] [clang-fallback-scan]
src/misra_c_2012_part1.c:127 [Rule 7.4] A string literal shall not be assigned to a non-const pointer. [trigger='char *rule_7_4 = "literal"'] [clang-diagnostic]
src/misra_c_2012_part1.c:127 [Rule 11.8] A cast shall not remove any const qualification from the type pointed to by a pointer. [trigger='char * rule_7_4 = "literal"'] [clang-heuristic]
src/misra_c_2012_part1.c:127 [Rule 2.8] A project should not contain unused object definitions. [trigger='rule_7_4'] [clang-fallback-scan]
src/misra_c_2012_part1.c:130 [Rule 8.1] type specifier missing, defaults to 'int'; ISO C99 and later do not support implicit int [trigger='Violation'] [clang-diagnostic]
src/misra_c_2012_part1.c:130 [Rule 8.1] Types shall be explicitly specified. [trigger='extern rule_8_1_var;'] [clang-fallback-scan]
src/misra_c_2012_part1.c:133 [Rule 8.2] Function types shall be in prototype form with named parameters. [trigger='Violation'] [tree-sitter-query]
src/misra_c_2012_part1.c:137 [Rule 2.7] unused parameter 'b' [trigger='Violation'] [clang-diagnostic]
src/misra_c_2012_part1.c:137 [Rule 8.3] Declaration of 'rule_8_3_func' has mismatched parameter names ('a' vs 'b'). [trigger='rule_8_3_func'] [cross-tu-heuristic]
src/misra_c_2012_part1.c:140 [Rule 8.4] A compatible declaration shall be visible when function 'rule_8_4_func' is defined. [trigger='rule_8_4_func'] [clang-heuristic]
src/misra_c_2012_part1.c:140 [Rule 17.4] All exit paths from a function with non-void return type shall have an explicit return statement with an expression [trigger='rule_8_4_func'] [clang-heuristic]
src/misra_c_2012_part1.c:150 [Rule 8.8] The 'static' storage class specifier shall be used in all declarations of objects and functions that have internal linkage: 'rule_8_8_func' [trigger='rule_8_8_func'] [clang-heuristic]
src/misra_c_2012_part1.c:150 [Rule 17.4] All exit paths from a function with non-void return type shall have an explicit return statement with an expression [trigger='rule_8_8_func'] [clang-heuristic]
src/misra_c_2012_part1.c:153 [Rule 8.9] An object 'rule_8_9_var_test' should be defined at block scope if its identifier only appears in a single function. [trigger='rule_8_9_var_test'] [clang-heuristic]
src/misra_c_2012_part1.c:154 [Rule 8.4] A compatible declaration shall be visible when function 'rule_8_9_func' is defined. [trigger='rule_8_9_func'] [clang-heuristic]
src/misra_c_2012_part1.c:159 [Rule 8.10] An inline function shall be declared with the static storage class. [trigger='inline void rule_8_10(void) {}'] [tree-sitter-query]
src/misra_c_2012_part1.c:159 [Rule 8.4] A compatible declaration shall be visible when function 'rule_8_10' is defined. [trigger='rule_8_10'] [clang-heuristic]
src/misra_c_2012_part1.c:162 [Rule 8.11] Array 'rule_8_11_arr' with external linkage declared without explicit size. [trigger='rule_8_11_arr'] [clang-heuristic]
src/misra_c_2012_part1.c:165 [Rule 8.12] Implicitly-specified enumeration constant 'E4' has a non-unique value of 1. [trigger='Violation'] [clang-heuristic]
src/misra_c_2012_part1.c:165 [Rule 2.4] Unused tag declaration: 'rule_8_12_e' [trigger='rule_8_12_e'] [clang-heuristic]
src/misra_c_2012_part1.c:165 [Rule 8.12] Within an enumerator list, the value of an implicitly-specified enumeration constant shall be unique. [trigger='1'] [clang-fallback-scan]
src/misra_c_2012_part1.c:168 [Rule 8.4] A compatible declaration shall be visible when function 'rule_8_13' is defined. [trigger='rule_8_13'] [clang-heuristic]
src/misra_c_2012_part1.c:169 [Rule 2.2] unused variable 'a' [trigger='int a = *p'] [clang-diagnostic]
src/misra_c_2012_part1.c:171 [Rule 8.4] A compatible declaration shall be visible when function 'rule_8_13_ok' is defined. [trigger='rule_8_13_ok'] [clang-heuristic]
src/misra_c_2012_part1.c:176 [Rule 8.14] The restrict type qualifier shall not be used. [trigger='restrict'] [tree-sitter-query]
src/misra_c_2012_part1.c:176 [Rule 2.7] unused parameter 'p' [trigger='rule_8_14'] [clang-diagnostic]
src/misra_c_2012_part1.c:176 [Rule 8.4] A compatible declaration shall be visible when function 'rule_8_14' is defined. [trigger='rule_8_14'] [clang-heuristic]
src/misra_c_2012_part1.c:176 [Rule 8.13] A pointer should point to a const-qualified type whenever possible: 'restrict' [trigger='restrict'] [clang-heuristic]
src/misra_c_2012_part1.c:179 [Rule 8.4] A compatible declaration shall be visible when function 'rule_9_1' is defined. [trigger='rule_9_1'] [clang-heuristic]
src/misra_c_2012_part1.c:181 [Rule 2.2] unused variable 'b' [trigger='int b = a'] [clang-diagnostic]
src/misra_c_2012_part1.c:181 [Rule 9.1] variable 'a' is uninitialized when used here [trigger='int b = a'] [clang-heuristic]
src/misra_c_2012_part1.c:185 [Rule 9.2] suggest braces around initialization of subobject [trigger='int rule_9_2[2][2] ='] [clang-diagnostic]
src/misra_c_2012_part1.c:188 [Rule 9.3] Array partially initialized (2 of 3 elements) [trigger='{ 1 , 2 }'] [clang-heuristic]
src/misra_c_2012_part1.c:191 [Rule 9.4] An element of an object shall not be initialized more than once [trigger='int rule_9_4[2] ='] [clang-diagnostic]
src/misra_c_2012_part1.c:194 [Rule 9.5] Array initialized with designated initializers must have explicit size [trigger='int rule_9_5_arr[] = { [0] = 1, [5] = 2 };'] [clang-fallback-scan]
src/misra_c_2012_part1.c:195 [Rule 8.4] A compatible declaration shall be visible when function 'rule_9_5_local' is defined. [trigger='rule_9_5_local'] [clang-heuristic]
src/misra_c_2012_part1.c:196 [Rule 9.5] Array initialized with designated initializers must have explicit size [trigger='int local_arr[] = { [1] = 10 };'] [clang-fallback-scan]
src/misra_c_2012_part1.c:200 [Rule 2.5] macro is not used [trigger='UNUSED_MACRO_PHASE_6'] [clang-diagnostic]
src/misra_c_2012_part1.c:202 [Rule 8.4] A compatible declaration shall be visible when function 'rule_phase_6_unused_code' is defined. [trigger='rule_phase_6_unused_code'] [clang-heuristic]
src/misra_c_2012_part1.c:203 [Rule 2.3] Unused typedef declaration: 'unused_typedef_phase6' [trigger='unused_typedef_phase6'] [clang-heuristic]
src/misra_c_2012_part1.c:204 [Rule 2.4] Unused tag declaration: 'unused_struct_phase6' [trigger='unused_struct_phase6'] [clang-heuristic]
src/misra_c_2012_part1.c:205 [Rule 2.4] Unused tag declaration: 'unused_enum_phase6' [trigger='unused_enum_phase6'] [clang-heuristic]
src/misra_c_2012_part1.c:207 [Rule 2.2] variable 'x' set but not used [trigger='int x = 0'] [clang-diagnostic]
src/misra_c_2012_part1.c:208 [Rule 15.1] The goto statement should not be used. [trigger='goto my_label;'] [tree-sitter-query]
src/misra_c_2012_part1.c:212 [Rule 2.6] unused label 'unused_label_phase6' [trigger='unused_label_phase6'] [clang-diagnostic]
src/misra_c_2012_part1.c:217 [Rule 3.2] Line-splicing shall not be used in // comments. [trigger='// This is a line-spliced comment \ that should be flagged!'] [tree-sitter-query]
src/misra_c_2012_part1.c:221 [Rule 4.1] Octal and hexadecimal escape sequences shall be terminated. [trigger='\x12'] [tree-sitter-query]
src/misra_c_2012_part1.c:221 [Rule 2.8] A project should not contain unused object definitions. [trigger='rule_4_1_bad'] [clang-fallback-scan]
src/misra_c_2012_part1.c:222 [Rule 2.8] A project should not contain unused object definitions. [trigger='rule_4_1_good1'] [clang-fallback-scan]
src/misra_c_2012_part1.c:223 [Rule 3.2] Line-splicing shall not be used in // comments. [trigger='// OK: terminated by \'] [tree-sitter-query]
src/misra_c_2012_part1.c:223 [Rule 2.8] A project should not contain unused object definitions. [trigger='rule_4_1_good2'] [clang-fallback-scan]
src/misra_c_2012_part1.c:226 [Rule 2.8] A project should not contain unused object definitions. [trigger='abcdefghijklmnopqrstuvwxyz123456_A'] [clang-fallback-scan]
src/misra_c_2012_part1.c:227 [Rule 5.1] External identifiers shall be distinct: 'abcdefghijklmnopqrstuvwxyz123456_B' vs 'abcdefghijklmnopqrstuvwxyz123456_A' [trigger='abcdefghijklmnopqrstuvwxyz123456_B'] [clang-heuristic]
src/misra_c_2012_part1.c:227 [Rule 2.8] A project should not contain unused object definitions. [trigger='abcdefghijklmnopqrstuvwxyz123456_B'] [clang-fallback-scan]
src/misra_c_2012_part1.c:229 [Rule 8.4] A compatible declaration shall be visible when function 'rule_phase_8_unused_code' is defined. [trigger='rule_phase_8_unused_code'] [clang-heuristic]
src/misra_c_2012_part1.c:231 [Rule 2.2] unused variable 'abcdefghijklmnopqrstuvwxyz1234567890abcdefghijklmnopqrstuvwxyz1_A' [trigger='abcdefghijklmnopqrstuvwxyz1234567890abcdefghijklmnopqrstuvwxyz1_A'] [clang-diagnostic]
src/misra_c_2012_part1.c:231 [Rule 1.1] The program shall contain no violations of standard C syntax/constraints and shall not exceed implementation translation limits. [trigger='int abcdefghijklmnopqrstuvwxyz1234567890abcdefghijklmnopqrstuvwxyz1_A = 0;'] [clang-fallback-scan]
src/misra_c_2012_part1.c:232 [Rule 2.2] unused variable 'abcdefghijklmnopqrstuvwxyz1234567890abcdefghijklmnopqrstuvwxyz1_B' [trigger='abcdefghijklmnopqrstuvwxyz1234567890abcdefghijklmnopqrstuvwxyz1_B'] [clang-diagnostic]
src/misra_c_2012_part1.c:232 [Rule 5.2] Identifiers in same scope shall be distinct: 'abcdefghijklmnopqrstuvwxyz1234567890abcdefghijklmnopqrstuvwxyz1_B' vs 'abcdefghijklmnopqrstuvwxyz1234567890abcdefghijklmnopqrstuvwxyz1_A' [trigger='abcdefghijklmnopqrstuvwxyz1234567890abcdefghijklmnopqrstuvwxyz1_B'] [clang-heuristic]
src/misra_c_2012_part1.c:232 [Rule 1.1] The program shall contain no violations of standard C syntax/constraints and shall not exceed implementation translation limits. [trigger='int abcdefghijklmnopqrstuvwxyz1234567890abcdefghijklmnopqrstuvwxyz1_B = 1;'] [clang-fallback-scan]
src/misra_c_2012_part1.c:236 [Rule 2.5] macro is not used [trigger='VERY_LONG_MACRO_NAME_EXCEEDING_31_CHARS_A'] [clang-diagnostic]
src/misra_c_2012_part1.c:237 [Rule 2.5] macro is not used [trigger='VERY_LONG_MACRO_NAME_EXCEEDING_31_CHARS_B'] [clang-diagnostic]
src/misra_c_2012_part1.c:240 [Rule 5.5] Identifier 'IDENTIFIER_BEFORE_MACRO' is not distinct from a macro name. [trigger='IDENTIFIER_BEFORE_MACRO'] [cross-tu-heuristic]
src/misra_c_2012_part1.c:241 [Rule 2.5] macro is not used [trigger='IDENTIFIER_BEFORE_MACRO'] [clang-diagnostic]
src/misra_c_2012_part1.c:241 [Rule 5.5] Identifier 'IDENTIFIER_BEFORE_MACRO' is not distinct from a macro name. [trigger='IDENTIFIER_BEFORE_MACRO'] [cross-tu-heuristic]
src/misra_c_2012_part1.c:244 [Rule 2.3] Unused typedef declaration: 'MyUniqueTypedef' [trigger='MyUniqueTypedef'] [clang-heuristic]
src/misra_c_2012_part1.c:244 [Rule 5.6] Typedef name 'MyUniqueTypedef' is not unique across the project. [trigger='MyUniqueTypedef'] [cross-tu-heuristic]
src/misra_c_2012_part1.c:245 [Rule 2.4] Unused tag declaration: 'MyUniqueTag' [trigger='MyUniqueTag'] [clang-heuristic]
src/misra_c_2012_part1.c:247 [Rule 8.4] A compatible declaration shall be visible when function 'rule_phase_9_test' is defined. [trigger='rule_phase_9_test'] [clang-heuristic]
src/misra_c_2012_part1.c:248 [Rule 2.2] unused variable 'MyUniqueTypedef' [trigger='MyUniqueTypedef'] [clang-diagnostic]
src/misra_c_2012_part1.c:248 [Rule 5.6] Typedef name 'MyUniqueTypedef' is not unique across the project. [trigger='MyUniqueTypedef'] [cross-tu-heuristic]
src/misra_c_2012_part1.c:249 [Rule 2.2] unused variable 'MyUniqueTag' [trigger='MyUniqueTag'] [clang-diagnostic]
src/misra_c_2012_part1.c:253 [Rule 2.8] A project should not contain unused object definitions. [trigger='cross_tu_global_var'] [clang-fallback-scan]
src/misra_c_2012_part1.c:254 [Rule 2.8] A project should not contain unused object definitions. [trigger='cross_tu_internal_var'] [clang-fallback-scan]
src/misra_c_2012_part1.c:254 [Rule 5.9] Identifier 'cross_tu_internal_var' with internal linkage is not unique. [trigger='cross_tu_internal_var'] [cross-tu-heuristic]
src/misra_c_2012_part1.c:256 [Rule 8.4] A compatible declaration shall be visible when function 'rule_phase_11_test' is defined. [trigger='rule_phase_11_test'] [clang-heuristic]
src/misra_c_2012_part1.c:258 [Rule 2.2] unused variable 'unsigned_var' [trigger='unsigned_var'] [clang-diagnostic]
src/misra_c_2012_part1.c:258 [Rule 10.3] Implicit cast to a different essential type category [trigger='unsigned int unsigned_var = 4000000000'] [clang-heuristic]
src/misra_c_2012_part1.c:261 [Rule 7.4] A string literal shall not be assigned to a non-const pointer. [trigger='char *s = "misra_string"'] [clang-diagnostic]
src/misra_c_2012_part1.c:261 [Rule 2.2] unused variable 's' [trigger='char *s = "misra_string"'] [clang-diagnostic]
src/misra_c_2012_part1.c:261 [Rule 11.8] A cast shall not remove any const qualification from the type pointed to by a pointer. [trigger='char * s = "misra_string"'] [clang-heuristic]
src/misra_c_2012_part2.c:0 [Rule 8.6] External identifier 'cross_tu_global_var' has multiple definitions. [trigger='cross_tu_global_var'] [cross-tu-heuristic]
src/misra_c_2012_part2.c:0 [Rule 8.5] External object/function 'my_rule_8_5_var' is declared in multiple distinct files. [trigger='my_rule_8_5_var'] [cross-tu-heuristic]
src/misra_c_2012_part2.c:0 [Rule 8.6] External identifier 'declared_not_defined' is used but never defined. [trigger='declared_not_defined'] [cross-tu-heuristic]
src/misra_c_2012_part2.c:0 [Rule 8.6] External identifier 'undeclared_func' is used but never defined. [trigger='undeclared_func'] [cross-tu-heuristic]
src/misra_c_2012_part2.c:0 [Rule 17.3] A function shall not be declared implicitly: 'undeclared_func' [trigger='undeclared_func'] [cross-tu-heuristic]
src/misra_c_2012_part2.c:0 [Rule 8.6] External identifier 'rule_18_6_ptr' is used but never defined. [trigger='rule_18_6_ptr'] [cross-tu-heuristic]
src/misra_c_2012_part2.c:7 [Rule 17.1] The features of <stdarg.h> shall not be used. [trigger='<stdarg.h>'] [tree-sitter-query]
src/misra_c_2012_part2.c:10 [Rule 2.8] A project should not contain unused object definitions. [trigger='cross_tu_global_var'] [clang-fallback-scan]
src/misra_c_2012_part2.c:10 [Rule 8.3] Declaration of 'cross_tu_global_var' has mismatched return type or type qualifiers across files ('int' vs 'float'). [trigger='cross_tu_global_var'] [cross-tu-heuristic]
src/misra_c_2012_part2.c:11 [Rule 2.8] A project should not contain unused object definitions. [trigger='cross_tu_internal_var'] [clang-fallback-scan]
src/misra_c_2012_part2.c:11 [Rule 5.9] Identifier 'cross_tu_internal_var' with internal linkage is not unique. [trigger='cross_tu_internal_var'] [cross-tu-heuristic]
src/misra_c_2012_part2.c:17 [Rule 20.1] #include directives should only be preceded by preprocessor directives or comments. [trigger='#include <stdlib.h>'] [tree-sitter-query]
src/misra_c_2012_part2.c:31 [Rule 8.4] A compatible declaration shall be visible when function 'rule_10_1' is defined. [trigger='rule_10_1'] [clang-heuristic]
src/misra_c_2012_part2.c:38 [Rule 8.4] A compatible declaration shall be visible when function 'rule_10_2' is defined. [trigger='rule_10_2'] [clang-heuristic]
src/misra_c_2012_part2.c:39 [Rule 10.3] Implicit cast to a narrower essential type [trigger='char a = 'a''] [clang-heuristic]
src/misra_c_2012_part2.c:40 [Rule 10.3] Implicit cast to a narrower essential type [trigger='char b = 'b''] [clang-heuristic]
src/misra_c_2012_part2.c:41 [Rule 10.2] Addition of two characters is not allowed. [trigger='a + b'] [clang-heuristic]
src/misra_c_2012_part2.c:42 [Rule 10.3] Implicit cast to a narrower essential type [trigger='signed char sa = 1'] [clang-heuristic]
src/misra_c_2012_part2.c:43 [Rule 10.3] Implicit cast to a narrower essential type [trigger='signed char sb = 2'] [clang-heuristic]
src/misra_c_2012_part2.c:44 [Rule 10.2] Addition of two characters is not allowed. [trigger='sa + sb'] [clang-heuristic]
src/misra_c_2012_part2.c:49 [Rule 8.4] A compatible declaration shall be visible when function 'rule_10_3' is defined. [trigger='rule_10_3'] [clang-heuristic]
src/misra_c_2012_part2.c:51 [Rule 10.3] Implicit cast to a different essential type category [trigger='uint32_t b = a'] [clang-heuristic]
src/misra_c_2012_part2.c:57 [Rule 8.4] A compatible declaration shall be visible when function 'rule_10_4' is defined. [trigger='rule_10_4'] [clang-heuristic]
src/misra_c_2012_part2.c:60 [Rule 10.4] Operands of arithmetic operator have different essential type categories (signed vs float). [trigger='a == b'] [clang-heuristic]
src/misra_c_2012_part2.c:64 [Rule 8.4] A compatible declaration shall be visible when function 'rule_10_5' is defined. [trigger='rule_10_5'] [clang-heuristic]
src/misra_c_2012_part2.c:66 [Rule 10.5] Expression cast to an inappropriate essential type. [trigger='( _Bool ) a'] [clang-heuristic]
src/misra_c_2012_part2.c:70 [Rule 8.4] A compatible declaration shall be visible when function 'rule_10_6' is defined. [trigger='rule_10_6'] [clang-heuristic]
src/misra_c_2012_part2.c:72 [Rule 10.3] Implicit cast to a different essential type category [trigger='unsigned short u16a = 1'] [clang-heuristic]
src/misra_c_2012_part2.c:73 [Rule 10.3] Implicit cast to a different essential type category [trigger='u16a + u16b'] [clang-heuristic]
src/misra_c_2012_part2.c:73 [Rule 10.6] Composite expression assigned to wider essential type. [trigger='u16a + u16b'] [clang-heuristic]
src/misra_c_2012_part2.c:77 [Rule 8.4] A compatible declaration shall be visible when function 'rule_10_7' is defined. [trigger='rule_10_7'] [clang-heuristic]
src/misra_c_2012_part2.c:78 [Rule 10.3] Implicit cast to a different essential type category [trigger='uint32_t u32a = 1'] [clang-heuristic]
src/misra_c_2012_part2.c:79 [Rule 10.3] Implicit cast to a different essential type category [trigger='unsigned short u16a = 1'] [clang-heuristic]
src/misra_c_2012_part2.c:80 [Rule 10.7] Composite expression used as operand with wider essential type operand. [trigger='( u16a + u16b ) + u32a'] [clang-heuristic]
src/misra_c_2012_part2.c:84 [Rule 8.4] A compatible declaration shall be visible when function 'rule_10_8' is defined. [trigger='rule_10_8'] [clang-heuristic]
src/misra_c_2012_part2.c:85 [Rule 10.3] Implicit cast to a different essential type category [trigger='unsigned short u16a = 1'] [clang-heuristic]
src/misra_c_2012_part2.c:86 [Rule 10.8] Composite expression cast to wider essential type. [trigger='u16a + u16b'] [clang-heuristic]
src/misra_c_2012_part2.c:90 [Rule 8.4] A compatible declaration shall be visible when function 'rule_11_1' is defined. [trigger='rule_11_1'] [clang-heuristic]
src/misra_c_2012_part2.c:92 [Rule 11.1] Conversions shall not be performed between a pointer to a function and any other type [trigger='( int32_t * ) pf'] [clang-heuristic]
src/misra_c_2012_part2.c:98 [Rule 8.4] A compatible declaration shall be visible when function 'rule_11_2' is defined. [trigger='rule_11_2'] [clang-heuristic]
src/misra_c_2012_part2.c:98 [Rule 8.13] A pointer should point to a const-qualified type whenever possible: 'pi' [trigger='rule_11_2'] [clang-heuristic]
src/misra_c_2012_part2.c:99 [Rule 11.2] Conversions shall not be performed between a pointer to an incomplete type and any other type [trigger='void * pv = pi'] [clang-heuristic]
src/misra_c_2012_part2.c:103 [Rule 8.4] A compatible declaration shall be visible when function 'rule_11_3' is defined. [trigger='rule_11_3'] [clang-heuristic]
src/misra_c_2012_part2.c:104 [Rule 10.3] Implicit cast to a different essential type category [trigger='uint32_t a = 0'] [clang-heuristic]
src/misra_c_2012_part2.c:105 [Rule 11.3] A cast shall not be performed between a pointer to object type and a pointer to a different object type [trigger='( float32_t * ) & a'] [clang-heuristic]
src/misra_c_2012_part2.c:109 [Rule 8.4] A compatible declaration shall be visible when function 'rule_11_4' is defined. [trigger='rule_11_4'] [clang-heuristic]
src/misra_c_2012_part2.c:110 [Rule 11.4] A conversion should not be performed between a pointer to object and an integer type [trigger='( int32_t * ) 0x1000'] [clang-heuristic]
src/misra_c_2012_part2.c:114 [Rule 8.4] A compatible declaration shall be visible when function 'rule_11_5' is defined. [trigger='rule_11_5'] [clang-heuristic]
src/misra_c_2012_part2.c:116 [Rule 11.5] A conversion should not be performed from pointer to void into pointer to object [trigger='( int32_t * ) pv'] [clang-heuristic]
src/misra_c_2012_part2.c:120 [Rule 8.4] A compatible declaration shall be visible when function 'rule_11_6' is defined. [trigger='rule_11_6'] [clang-heuristic]
src/misra_c_2012_part2.c:122 [Rule 11.6] A cast shall not be performed between pointer to void and an arithmetic type [trigger='( void * ) i'] [clang-heuristic]
src/misra_c_2012_part2.c:122 [Rule 9.1] variable 'i' is uninitialized when used here [trigger='void *pv = (void *)i'] [clang-heuristic]
src/misra_c_2012_part2.c:126 [Rule 8.4] A compatible declaration shall be visible when function 'rule_11_7' is defined. [trigger='rule_11_7'] [clang-heuristic]
src/misra_c_2012_part2.c:129 [Rule 11.7] A cast shall not be performed between pointer to object and a non-integer arithmetic type [trigger='int32_t *pj = (int32_t *)1.0f;'] [clang-fallback-scan]
src/misra_c_2012_part2.c:131 [Rule 11.7] A cast shall not be performed between pointer to object and a non-integer arithmetic type. [trigger='float32_t h = (float32_t)pi'] [clang-fallback-scan]
src/misra_c_2012_part2.c:139 [Rule 8.4] A compatible declaration shall be visible when function 'rule_11_8' is defined. [trigger='rule_11_8'] [clang-heuristic]
src/misra_c_2012_part2.c:141 [Rule 11.8] A cast shall not remove any const qualification from the type pointed to by a pointer. [trigger='( int32_t * ) & ci'] [clang-heuristic]
src/misra_c_2012_part2.c:145 [Rule 8.4] A compatible declaration shall be visible when function 'rule_11_9' is defined. [trigger='rule_11_9'] [clang-heuristic]
src/misra_c_2012_part2.c:146 [Rule 11.9] The macro NULL shall be the only permitted form of integer null pointer constant [trigger='int32_t * pi = 0'] [clang-heuristic]
src/misra_c_2012_part2.c:150 [Rule 8.4] A compatible declaration shall be visible when function 'rule_12_1' is defined. [trigger='rule_12_1'] [clang-heuristic]
src/misra_c_2012_part2.c:152 [Rule 12.1] The precedence of operators within expressions should be made explicit. Mixed '<<' and '+'. [trigger='a + b << c'] [clang-heuristic]
src/misra_c_2012_part2.c:152 [Rule 10.1] Bitwise operator applied to an inappropriate essential type (usually requires unsigned). [trigger='a + b << c'] [clang-heuristic]
src/misra_c_2012_part2.c:156 [Rule 8.4] A compatible declaration shall be visible when function 'rule_12_2' is defined. [trigger='rule_12_2'] [clang-heuristic]
src/misra_c_2012_part2.c:157 [Rule 10.3] Implicit cast to a different essential type category [trigger='uint32_t u32a = 1'] [clang-heuristic]
src/misra_c_2012_part2.c:158 [Rule 12.2] The right hand operand of a shift operator (32) shall lie in the range zero to one less than the width (32). [trigger='32'] [clang-heuristic]
src/misra_c_2012_part2.c:158 [Rule 1.3] There shall be no occurrence of undefined or critical unspecified behaviour. [trigger='uint32_t u32b = u32a << 32;'] [clang-fallback-scan]
src/misra_c_2012_part2.c:162 [Rule 8.4] A compatible declaration shall be visible when function 'rule_12_3' is defined. [trigger='rule_12_3'] [clang-heuristic]
src/misra_c_2012_part2.c:164 [Rule 12.3] The comma operator should not be used. [trigger='a ++ , b ++'] [clang-heuristic]
src/misra_c_2012_part2.c:164 [Rule 13.3] A full expression containing an increment (++) or decrement (--) operator should have no other potential side effects other than that caused by the increment or decrement operator [trigger='a ++ , b ++'] [clang-heuristic]
src/misra_c_2012_part2.c:168 [Rule 8.4] A compatible declaration shall be visible when function 'rule_12_4' is defined. [trigger='rule_12_4'] [clang-heuristic]
src/misra_c_2012_part2.c:169 [Rule 12.4] Evaluation of constant expressions should not lead to unsigned integer wrap-around (result 4294967296 > max 4294967295). [trigger='0xFFFFFFFF + 1'] [clang-heuristic]
src/misra_c_2012_part2.c:169 [Rule 10.4] Operands of arithmetic operator have different essential type categories (unsigned vs signed). [trigger='0xFFFFFFFF + 1'] [clang-heuristic]
src/misra_c_2012_part2.c:169 [Rule 7.2] A 'u' or 'U' suffix shall be applied to all integer constants that are represented in an unsigned type: '0xFFFFFFFF' [trigger='0xFFFFFFFF'] [clang-heuristic]
src/misra_c_2012_part2.c:173 [Rule 8.4] A compatible declaration shall be visible when function 'rule_13_1_helper' is defined. [trigger='rule_13_1_helper'] [clang-heuristic]
src/misra_c_2012_part2.c:173 [Rule 17.4] All exit paths from a function with non-void return type shall have an explicit return statement with an expression [trigger='rule_13_1_helper'] [clang-heuristic]
src/misra_c_2012_part2.c:174 [Rule 8.4] A compatible declaration shall be visible when function 'rule_13_1' is defined. [trigger='rule_13_1'] [clang-heuristic]
src/misra_c_2012_part2.c:175 [Rule 13.1] Initializer lists shall not contain persistent side effects [trigger='rule_13_1_helper ( )'] [clang-heuristic]
src/misra_c_2012_part2.c:179 [Rule 8.4] A compatible declaration shall be visible when function 'rule_13_2' is defined. [trigger='rule_13_2'] [clang-heuristic]
src/misra_c_2012_part2.c:181 [Rule 13.2] The value of an expression and its persistent side effects shall be the same under all permitted evaluation orders [trigger='a = a ++'] [clang-heuristic]
src/misra_c_2012_part2.c:185 [Rule 8.4] A compatible declaration shall be visible when function 'rule_13_3' is defined. [trigger='rule_13_3'] [clang-heuristic]
src/misra_c_2012_part2.c:187 [Rule 13.3] A full expression containing an increment (++) or decrement (--) operator should have no other potential side effects other than that caused by the increment or decrement operator [trigger='a ++ + 1'] [clang-heuristic]
src/misra_c_2012_part2.c:191 [Rule 8.4] A compatible declaration shall be visible when function 'rule_13_4' is defined. [trigger='rule_13_4'] [clang-heuristic]
src/misra_c_2012_part2.c:193 [Rule 13.4] The result of an assignment operator should not be used [trigger='( a = b )'] [clang-heuristic]
src/misra_c_2012_part2.c:193 [Rule 14.4] The controlling expression of an if statement and the controlling expression of an iteration-statement shall have essentially Boolean type [trigger='( a = b )'] [clang-heuristic]
src/misra_c_2012_part2.c:197 [Rule 8.4] A compatible declaration shall be visible when function 'rule_13_5' is defined. [trigger='rule_13_5'] [clang-heuristic]
src/misra_c_2012_part2.c:199 [Rule 13.3] A full expression containing an increment (++) or decrement (--) operator should have no other potential side effects other than that caused by the increment or decrement operator [trigger='1 || ( a ++ )'] [clang-heuristic]
src/misra_c_2012_part2.c:199 [Rule 13.5] The right hand operand of a logical || operator shall not contain persistent side effects [trigger='( a ++ )'] [clang-heuristic]
src/misra_c_2012_part2.c:203 [Rule 8.4] A compatible declaration shall be visible when function 'rule_13_6' is defined. [trigger='rule_13_6'] [clang-heuristic]
src/misra_c_2012_part2.c:205 [Rule 13.6] The operand of the sizeof operator shall not contain any expression which has potential side effects. [trigger='( a ++ )'] [clang-heuristic]
src/misra_c_2012_part2.c:209 [Rule 8.4] A compatible declaration shall be visible when function 'rule_14_1' is defined. [trigger='rule_14_1'] [clang-heuristic]
src/misra_c_2012_part2.c:210 [Rule 14.1] A loop counter shall not have essentially floating type [trigger='float32_t f = 0.0f ;'] [clang-heuristic]
src/misra_c_2012_part2.c:214 [Rule 8.4] A compatible declaration shall be visible when function 'rule_14_2' is defined. [trigger='rule_14_2'] [clang-heuristic]
src/misra_c_2012_part2.c:216 [Rule 14.2] A for loop shall be well-formed (has empty clauses) [trigger='for ( i = 0 ; i < 10 ; ) { i ++ ; }'] [clang-heuristic]
src/misra_c_2012_part2.c:220 [Rule 8.4] A compatible declaration shall be visible when function 'rule_14_3' is defined. [trigger='rule_14_3'] [clang-heuristic]
src/misra_c_2012_part2.c:221 [Rule 14.3] Controlling expressions shall not be invariant [trigger='1'] [clang-heuristic]
src/misra_c_2012_part2.c:221 [Rule 14.4] The controlling expression of an if statement and the controlling expression of an iteration-statement shall have essentially Boolean type [trigger='1'] [clang-heuristic]
src/misra_c_2012_part2.c:225 [Rule 8.4] A compatible declaration shall be visible when function 'rule_14_4' is defined. [trigger='rule_14_4'] [clang-heuristic]
src/misra_c_2012_part2.c:227 [Rule 14.4] The controlling expression of an if statement and the controlling expression of an iteration-statement shall have essentially Boolean type [trigger='rule_14_4'] [clang-heuristic]
src/misra_c_2012_part2.c:231 [Rule 8.4] A compatible declaration shall be visible when function 'rule_15_1' is defined. [trigger='rule_15_1'] [clang-heuristic]
src/misra_c_2012_part2.c:232 [Rule 15.1] The goto statement should not be used. [trigger='goto L1;'] [tree-sitter-query]
src/misra_c_2012_part2.c:238 [Rule 8.4] A compatible declaration shall be visible when function 'rule_15_2' is defined. [trigger='rule_15_2'] [clang-heuristic]
src/misra_c_2012_part2.c:240 [Rule 15.1] The goto statement should not be used. [trigger='goto L1;'] [tree-sitter-query]
src/misra_c_2012_part2.c:240 [Rule 15.2] The goto statement shall jump to a label declared later in the same function (jumping back) [trigger='L1'] [clang-heuristic]
src/misra_c_2012_part2.c:244 [Rule 8.4] A compatible declaration shall be visible when function 'rule_15_3' is defined. [trigger='rule_15_3'] [clang-heuristic]
src/misra_c_2012_part2.c:245 [Rule 15.1] The goto statement should not be used. [trigger='goto inner_label;'] [tree-sitter-query]
src/misra_c_2012_part2.c:245 [Rule 15.3] Any label referenced by a goto statement shall be declared in the same block, or in any block enclosing the goto statement [trigger='inner_label'] [clang-heuristic]
src/misra_c_2012_part2.c:253 [Rule 8.4] A compatible declaration shall be visible when function 'rule_15_4' is defined. [trigger='rule_15_4'] [clang-heuristic]
src/misra_c_2012_part2.c:255 [Rule 15.6] The body of an iteration-statement or a selection-statement shall be a compound-statement. [trigger='if (i == 2) break;'] [tree-sitter-query]
src/misra_c_2012_part2.c:256 [Rule 15.6] The body of an iteration-statement or a selection-statement shall be a compound-statement. [trigger='if (i == 5) break;'] [tree-sitter-query]
src/misra_c_2012_part2.c:256 [Rule 15.4] There should be no more than one break or goto statement used to terminate any iteration statement (found 2) [trigger='break'] [clang-heuristic]
src/misra_c_2012_part2.c:261 [Rule 15.5] A function should have a single point of exit at the end. [trigger='int32_t rule_15_5(int32_t a) { if (a) return 1; // Violation return 0; }'] [tree-sitter-query]
src/misra_c_2012_part2.c:261 [Rule 8.4] A compatible declaration shall be visible when function 'rule_15_5' is defined. [trigger='rule_15_5'] [clang-heuristic]
src/misra_c_2012_part2.c:262 [Rule 15.6] The body of an iteration-statement or a selection-statement shall be a compound-statement. [trigger='if (a) return 1;'] [tree-sitter-query]
src/misra_c_2012_part2.c:262 [Rule 14.4] The controlling expression of an if statement and the controlling expression of an iteration-statement shall have essentially Boolean type [trigger='rule_15_5'] [clang-heuristic]
src/misra_c_2012_part2.c:267 [Rule 8.4] A compatible declaration shall be visible when function 'rule_15_6' is defined. [trigger='rule_15_6'] [clang-heuristic]
src/misra_c_2012_part2.c:268 [Rule 15.6] The body of an iteration-statement or a selection-statement shall be a compound-statement. [trigger='if (1) return;'] [tree-sitter-query]
src/misra_c_2012_part2.c:268 [Rule 14.3] Controlling expressions shall not be invariant [trigger='1'] [clang-heuristic]
src/misra_c_2012_part2.c:268 [Rule 14.4] The controlling expression of an if statement and the controlling expression of an iteration-statement shall have essentially Boolean type [trigger='1'] [clang-heuristic]
src/misra_c_2012_part2.c:273 [Rule 8.4] A compatible declaration shall be visible when function 'rule_15_7' is defined. [trigger='rule_15_7'] [clang-heuristic]
src/misra_c_2012_part2.c:275 [Rule 15.7] All if ... else if constructs shall be terminated with an else statement. [trigger='if (a > 0) {} else if (a < 0) {}'] [tree-sitter-query]
src/misra_c_2012_part2.c:279 [Rule 8.4] A compatible declaration shall be visible when function 'rule_16_1' is defined. [trigger='rule_16_1'] [clang-heuristic]
src/misra_c_2012_part2.c:280 [Rule 16.4] Every switch statement shall have a default label. [trigger='switch (type) { int a = 0; // Violation (code between switch and first case) case 1: break; }'] [tree-sitter-query]
src/misra_c_2012_part2.c:280 [Rule 16.6] Every switch statement shall have at least two switch-clauses. [trigger='switch (type) { int a = 0; // Violation (code between switch and first case) case 1: break; }'] [tree-sitter-query]
src/misra_c_2012_part2.c:281 [Rule 16.1] All switch statements shall be well-formed (code before first case/default) [trigger='int a = 0 ;'] [clang-heuristic]
src/misra_c_2012_part2.c:287 [Rule 8.4] A compatible declaration shall be visible when function 'rule_16_2' is defined. [trigger='rule_16_2'] [clang-heuristic]
src/misra_c_2012_part2.c:288 [Rule 16.4] Every switch statement shall have a default label. [trigger='switch (a) { if (1) { case 1: break; // Violation (inside if) } }'] [tree-sitter-query]
src/misra_c_2012_part2.c:288 [Rule 16.6] Every switch statement shall have at least two switch-clauses. [trigger='switch (a) { if (1) { case 1: break; // Violation (inside if) } }'] [tree-sitter-query]
src/misra_c_2012_part2.c:289 [Rule 14.3] Controlling expressions shall not be invariant [trigger='1'] [clang-heuristic]
src/misra_c_2012_part2.c:289 [Rule 14.4] The controlling expression of an if statement and the controlling expression of an iteration-statement shall have essentially Boolean type [trigger='1'] [clang-heuristic]
src/misra_c_2012_part2.c:289 [Rule 16.1] All switch statements shall be well-formed (code before first case/default) [trigger='if ( 1 ) { case 1 : break ; // Violation (inside if) }'] [clang-heuristic]
src/misra_c_2012_part2.c:290 [Rule 16.2] A switch label shall only be used when the most closely-enclosing compound statement is the body of a switch statement [trigger='case 1 : break'] [clang-heuristic]
src/misra_c_2012_part2.c:296 [Rule 8.4] A compatible declaration shall be visible when function 'rule_16_3' is defined. [trigger='rule_16_3'] [clang-heuristic]
src/misra_c_2012_part2.c:297 [Rule 16.4] Every switch statement shall have a default label. [trigger='switch (a) { case 1: a++; // Violation (missing break) case 2: break; }'] [tree-sitter-query]
src/misra_c_2012_part2.c:298 [Rule 16.3] An unconditional break statement shall terminate every switch-clause. [trigger='case 1: a++;'] [tree-sitter-query]
src/misra_c_2012_part2.c:299 [Rule 17.8] A function parameter should not be modified: 'a' [trigger='a ++'] [clang-heuristic]
src/misra_c_2012_part2.c:306 [Rule 8.4] A compatible declaration shall be visible when function 'rule_16_4' is defined. [trigger='rule_16_4'] [clang-heuristic]
src/misra_c_2012_part2.c:307 [Rule 16.4] Every switch statement shall have a default label. [trigger='switch (a) { case 1: break; // Violation (missing default) }'] [tree-sitter-query]
src/misra_c_2012_part2.c:307 [Rule 16.6] Every switch statement shall have at least two switch-clauses. [trigger='switch (a) { case 1: break; // Violation (missing default) }'] [tree-sitter-query]
src/misra_c_2012_part2.c:313 [Rule 8.4] A compatible declaration shall be visible when function 'rule_16_5' is defined. [trigger='rule_16_5'] [clang-heuristic]
src/misra_c_2012_part2.c:316 [Rule 16.5] A default label shall appear as either the first or the last switch label of a switch statement. [trigger='default : break'] [clang-heuristic]
src/misra_c_2012_part2.c:322 [Rule 8.4] A compatible declaration shall be visible when function 'rule_16_6' is defined. [trigger='rule_16_6'] [clang-heuristic]
src/misra_c_2012_part2.c:323 [Rule 16.6] Every switch statement shall have at least two switch-clauses. [trigger='switch (a) { default: break; // Violation (only one clause) }'] [tree-sitter-query]
src/misra_c_2012_part2.c:329 [Rule 8.4] A compatible declaration shall be visible when function 'rule_16_7' is defined. [trigger='rule_16_7'] [clang-heuristic]
src/misra_c_2012_part2.c:330 [Rule 16.7] A switch-expression shall not have essentially Boolean type [trigger='rule_16_7'] [clang-heuristic]
src/misra_c_2012_part2.c:338 [Rule 8.4] A compatible declaration shall be visible when function 'rule_17_2' is defined. [trigger='rule_17_2'] [clang-heuristic]
src/misra_c_2012_part2.c:339 [Rule 17.2] Functions shall not call themselves directly. [trigger='rule_17_2'] [tree-sitter-query]
src/misra_c_2012_part2.c:346 [Rule 8.4] A compatible declaration shall be visible when function 'rule_17_3' is defined. [trigger='rule_17_3'] [clang-heuristic]
src/misra_c_2012_part2.c:347 [Rule 17.7] The value returned by a function having non-void return type shall be used [trigger='undeclared_func ( )'] [clang-heuristic]
src/misra_c_2012_part2.c:347 [Rule 17.3] A function shall not be declared implicitly [trigger='undeclared_func'] [clang-fallback-scan]
src/misra_c_2012_part2.c:352 [Rule 8.4] A compatible declaration shall be visible when function 'rule_17_4' is defined. [trigger='rule_17_4'] [clang-heuristic]
src/misra_c_2012_part2.c:352 [Rule 17.4] All exit paths from a function with non-void return type shall have an explicit return statement with an expression [trigger='rule_17_4'] [clang-heuristic]
src/misra_c_2012_part2.c:353 [Rule 15.6] The body of an iteration-statement or a selection-statement shall be a compound-statement. [trigger='if (a) return 1;'] [tree-sitter-query]
src/misra_c_2012_part2.c:353 [Rule 14.4] The controlling expression of an if statement and the controlling expression of an iteration-statement shall have essentially Boolean type [trigger='rule_17_4'] [clang-heuristic]
src/misra_c_2012_part2.c:358 [Rule 8.4] A compatible declaration shall be visible when function 'rule_17_5_func' is defined. [trigger='rule_17_5_func'] [clang-heuristic]
src/misra_c_2012_part2.c:358 [Rule 2.7] There should be no unused parameters in functions: 'a' [trigger='rule_17_5_func'] [clang-heuristic]
src/misra_c_2012_part2.c:359 [Rule 8.4] A compatible declaration shall be visible when function 'rule_17_5' is defined. [trigger='rule_17_5'] [clang-heuristic]
src/misra_c_2012_part2.c:361 [Rule 17.5] The function argument corresponding to a parameter declared to have an array type shall have an appropriate number of elements (arg 3 < param 5) [trigger='rule_17_5_func'] [clang-heuristic]
src/misra_c_2012_part2.c:365 [Rule 8.4] A compatible declaration shall be visible when function 'rule_17_6' is defined. [trigger='rule_17_6'] [clang-heuristic]
src/misra_c_2012_part2.c:365 [Rule 17.6] The declaration of an array parameter shall not contain the static keyword between the [ ] [trigger='int32_t a [ static 5 ]'] [clang-heuristic]
src/misra_c_2012_part2.c:365 [Rule 2.7] There should be no unused parameters in functions: 'a' [trigger='rule_17_6'] [clang-heuristic]
src/misra_c_2012_part2.c:368 [Rule 8.4] A compatible declaration shall be visible when function 'rule_17_7_func' is defined. [trigger='rule_17_7_func'] [clang-heuristic]
src/misra_c_2012_part2.c:368 [Rule 17.4] All exit paths from a function with non-void return type shall have an explicit return statement with an expression [trigger='rule_17_7_func'] [clang-heuristic]
src/misra_c_2012_part2.c:369 [Rule 8.4] A compatible declaration shall be visible when function 'rule_17_7' is defined. [trigger='rule_17_7'] [clang-heuristic]
src/misra_c_2012_part2.c:370 [Rule 17.7] The value returned by a function having non-void return type shall be used [trigger='rule_17_7_func ( )'] [clang-heuristic]
src/misra_c_2012_part2.c:374 [Rule 8.4] A compatible declaration shall be visible when function 'rule_17_8' is defined. [trigger='rule_17_8'] [clang-heuristic]
src/misra_c_2012_part2.c:375 [Rule 17.8] A function parameter should not be modified: 'a' [trigger='a ++'] [clang-heuristic]
src/misra_c_2012_part2.c:379 [Rule 8.4] A compatible declaration shall be visible when function 'rule_18_1' is defined. [trigger='rule_18_1'] [clang-heuristic]
src/misra_c_2012_part2.c:381 [Rule 18.4] The +, -, += and -= operators should not be applied to an expression of pointer type [trigger='a + 6'] [clang-heuristic]
src/misra_c_2012_part2.c:381 [Rule 18.1] A pointer resulting from arithmetic on a pointer operand shall address an element of the same array [trigger='a + 6'] [clang-heuristic]
src/misra_c_2012_part2.c:385 [Rule 8.4] A compatible declaration shall be visible when function 'rule_18_2' is defined. [trigger='rule_18_2'] [clang-heuristic]
src/misra_c_2012_part2.c:387 [Rule 18.4] The +, -, += and -= operators should not be applied to an expression of pointer type [trigger='a - b'] [clang-heuristic]
src/misra_c_2012_part2.c:387 [Rule 18.2] Subtraction between pointers shall only be applied to pointers that address elements of the same array [trigger='a - b'] [clang-heuristic]
src/misra_c_2012_part2.c:391 [Rule 8.4] A compatible declaration shall be visible when function 'rule_18_3' is defined. [trigger='rule_18_3'] [clang-heuristic]
src/misra_c_2012_part2.c:394 [Rule 18.3] The relational operators shall not be applied to objects of pointer type except where they point into the same object [trigger='a > b'] [clang-heuristic]
src/misra_c_2012_part2.c:398 [Rule 8.4] A compatible declaration shall be visible when function 'rule_18_4' is defined. [trigger='rule_18_4'] [clang-heuristic]
src/misra_c_2012_part2.c:405 [Rule 18.5] Declarations should contain no more than two levels of pointer nesting [trigger='int32_t * * * rule_18_5'] [clang-heuristic]
src/misra_c_2012_part2.c:405 [Rule 2.8] A project should not contain unused object definitions. [trigger='rule_18_5'] [clang-fallback-scan]
src/misra_c_2012_part2.c:409 [Rule 8.4] A compatible declaration shall be visible when function 'rule_18_6' is defined. [trigger='rule_18_6'] [clang-heuristic]
src/misra_c_2012_part2.c:411 [Rule 18.6] The address of an object with automatic storage shall not be copied to another object that persists [trigger='& a'] [clang-heuristic]
src/misra_c_2012_part2.c:411 [Rule 9.1] variable 'a' is uninitialized when used here [trigger='rule_18_6_ptr = &a'] [clang-heuristic]
src/misra_c_2012_part2.c:415 [Rule 2.4] Unused tag declaration: 'rule_18_7_s' [trigger='rule_18_7_s'] [clang-heuristic]
src/misra_c_2012_part2.c:417 [Rule 18.7] Flexible array members shall not be declared [trigger='int32_t b [ ]'] [clang-heuristic]
src/misra_c_2012_part2.c:421 [Rule 8.4] A compatible declaration shall be visible when function 'rule_18_8' is defined. [trigger='rule_18_8'] [clang-heuristic]
src/misra_c_2012_part2.c:422 [Rule 18.8] Variable-length array types shall not be used [trigger='int32_t a [ n ]'] [clang-heuristic]
src/misra_c_2012_part2.c:426 [Rule 8.4] A compatible declaration shall be visible when function 'rule_19_1' is defined. [trigger='rule_19_1'] [clang-heuristic]
src/misra_c_2012_part2.c:427 [Rule 19.2] The union keyword should not be used. [trigger='union { int32_t a[2]; int32_t b[2]; }'] [tree-sitter-query]
src/misra_c_2012_part2.c:428 [Rule 19.1] An object shall not be assigned or copied to an overlapping object [trigger='u . a [ 0 ] = u . b [ 0 ]'] [clang-heuristic]
src/misra_c_2012_part2.c:432 [Rule 19.2] The union keyword should not be used. [trigger='union rule_19_2_u { // Violation int32_t a; float32_t b; }'] [tree-sitter-query]
src/misra_c_2012_part2.c:432 [Rule 2.4] Unused tag declaration: 'rule_19_2_u' [trigger='rule_19_2_u'] [clang-heuristic]
src/misra_c_2012_part2.c:438 [Rule 2.8] A project should not contain unused object definitions. [trigger='rule_20_1_var'] [clang-fallback-scan]
src/misra_c_2012_part2.c:439 [Rule 20.1] #include directives should only be preceded by preprocessor directives or comments. [trigger='#include <limits.h> // Violation'] [tree-sitter-query]
src/misra_c_2012_part2.c:442 [Rule 20.1] #include directives should only be preceded by preprocessor directives or comments. [trigger='#include "my/*header.h" // Violation'] [tree-sitter-query]
src/misra_c_2012_part2.c:442 [Rule 20.2] The ', " or \ characters and the /* or // character sequences shall not occur in a header file name. [trigger='"my/*header.h"'] [tree-sitter-query]
src/misra_c_2012_part2.c:444 [Rule 20.3] The \ character shall not be used to splice a macro definition across more than one line. [trigger='#define SPLICE_MACRO \ 1 // Violation'] [tree-sitter-query]
src/misra_c_2012_part2.c:449 [Rule 20.1] #include directives should only be preceded by preprocessor directives or comments. [trigger='#include INC_FILE // Violation (should be literal string in most interpretations)'] [tree-sitter-query]
src/misra_c_2012_part2.c:456 [Rule 20.5] #undef should not be used. [trigger='#undef'] [tree-sitter-query]
src/misra_c_2012_part2.c:459 [Rule 20.7] In the definition of a function-like macro, each instance of a parameter should be enclosed in parentheses. [trigger='MACRO_D'] [clang-heuristic]
src/misra_c_2012_part2.c:460 [Rule 20.6] Arguments to a function-like macro shall not contain tokens that look like preprocessing directives. [trigger='#define Y 1'] [clang-heuristic]
src/misra_c_2012_part2.c:463 [Rule 20.7] In the definition of a function-like macro, each instance of a parameter should be enclosed in parentheses. [trigger='MACRO_E'] [clang-heuristic]
src/misra_c_2012_part2.c:466 [Rule 20.8] The controlling expression of #if should evaluate to 0 or 1 (found literal value 2). [trigger='#if 2'] [tree-sitter-query]
src/misra_c_2012_part2.c:470 [Rule 20.9] Identifier 'UNDEFINED_MACRO' used in #if expression is not #define'd before evaluation. [trigger='UNDEFINED_MACRO'] [tree-sitter-query]
src/misra_c_2012_part2.c:474 [Rule 16-3-1] There shall be at most one occurrence of the # or ## preprocessor operators in a single macro definition. [trigger='MACRO_F'] [clang-heuristic]
src/misra_c_2012_part2.c:474 [Rule 20.10] The # and ## preprocessor operators should not be used. [trigger='MACRO_F'] [clang-heuristic]
src/misra_c_2012_part2.c:474 [Rule 20.7] In the definition of a function-like macro, each instance of a parameter should be enclosed in parentheses. [trigger='MACRO_F'] [clang-heuristic]
src/misra_c_2012_part2.c:477 [Rule 16-3-1] There shall be at most one occurrence of the # or ## preprocessor operators in a single macro definition. [trigger='MACRO_G'] [clang-heuristic]
src/misra_c_2012_part2.c:477 [Rule 20.10] The # and ## preprocessor operators should not be used. [trigger='MACRO_G'] [clang-heuristic]
src/misra_c_2012_part2.c:477 [Rule 20.7] In the definition of a function-like macro, each instance of a parameter should be enclosed in parentheses. [trigger='MACRO_G'] [clang-heuristic]
src/misra_c_2012_part2.c:477 [Rule 20.11] A macro parameter immediately following a # operator shall not immediately be followed by a ## operator. [trigger='MACRO_G'] [clang-heuristic]
src/misra_c_2012_part2.c:480 [Rule 20.10] The # and ## preprocessor operators should not be used. [trigger='MACRO_H'] [clang-heuristic]
src/misra_c_2012_part2.c:480 [Rule 20.7] In the definition of a function-like macro, each instance of a parameter should be enclosed in parentheses. [trigger='MACRO_H'] [clang-heuristic]
src/misra_c_2012_part2.c:480 [Rule 20.12] Macro parameter 'x' is used as operand to #/## and also in normal replacement context. [trigger='MACRO_H'] [clang-heuristic]
src/misra_c_2012_part2.c:492 [Rule 21.2] A reserved identifier or macro name shall not be declared. [trigger='int __my_var;'] [clang-fallback-scan]
src/misra_c_2012_part2.c:492 [Rule 2.8] A project should not contain unused object definitions. [trigger='__my_var'] [clang-fallback-scan]
src/misra_c_2012_part2.c:495 [Rule 21.1] #define and #undef shall not be used on a reserved identifier or reserved macro name: '__LINE__' [trigger='__LINE__'] [clang-heuristic]
src/misra_c_2012_part2.c:498 [Rule 8.4] A compatible declaration shall be visible when function 'rule_21_3' is defined. [trigger='rule_21_3'] [clang-heuristic]
src/misra_c_2012_part2.c:499 [Rule 21.3] The memory allocation and deallocation functions of <stdlib.h> shall not be used. [trigger='malloc'] [tree-sitter-query]
src/misra_c_2012_part2.c:500 [Rule 21.3] The memory allocation and deallocation functions of <stdlib.h> shall not be used. [trigger='free'] [tree-sitter-query]
src/misra_c_2012_part2.c:504 [Rule 21.4] The standard header file <setjmp.h> shall not be used. [trigger='<setjmp.h>'] [tree-sitter-query]
src/misra_c_2012_part2.c:504 [Rule 20.1] #include directives should only be preceded by preprocessor directives or comments. [trigger='#include <setjmp.h> // Violation'] [tree-sitter-query]
src/misra_c_2012_part2.c:507 [Rule 21.5] The standard header file <signal.h> shall not be used. [trigger='<signal.h>'] [tree-sitter-query]
src/misra_c_2012_part2.c:507 [Rule 20.1] #include directives should only be preceded by preprocessor directives or comments. [trigger='#include <signal.h> // Violation'] [tree-sitter-query]
src/misra_c_2012_part2.c:510 [Rule 21.6] The standard header file <stdio.h> shall not be used. [trigger='<stdio.h>'] [tree-sitter-query]
src/misra_c_2012_part2.c:510 [Rule 20.1] #include directives should only be preceded by preprocessor directives or comments. [trigger='#include <stdio.h> // Violation'] [tree-sitter-query]
src/misra_c_2012_part2.c:511 [Rule 8.4] A compatible declaration shall be visible when function 'rule_21_6' is defined. [trigger='rule_21_6'] [clang-heuristic]
src/misra_c_2012_part2.c:512 [Rule 17.7] The value returned by a function having non-void return type shall be used [trigger='printf ( "Violation\n" )'] [clang-heuristic]
src/misra_c_2012_part2.c:516 [Rule 8.4] A compatible declaration shall be visible when function 'rule_21_7' is defined. [trigger='rule_21_7'] [clang-heuristic]
src/misra_c_2012_part2.c:517 [Rule 21.7] The atoi function of <stdlib.h> shall not be used [trigger='atoi'] [clang-heuristic]
src/misra_c_2012_part2.c:521 [Rule 8.4] A compatible declaration shall be visible when function 'rule_21_8' is defined. [trigger='rule_21_8'] [clang-heuristic]
src/misra_c_2012_part2.c:522 [Rule 21.8] The library function exit of <stdlib.h> shall not be used [trigger='exit'] [clang-heuristic]
src/misra_c_2012_part2.c:523 [Rule 17.11] A function that never returns should be declared with a _Noreturn function specifier. [trigger='rule_21_8'] [clang-fallback-scan]
src/misra_c_2012_part2.c:526 [Rule 8.4] A compatible declaration shall be visible when function 'rule_21_9' is defined. [trigger='rule_21_9'] [clang-heuristic]
src/misra_c_2012_part2.c:528 [Rule 21.9] The bsearch and qsort functions of <stdlib.h> shall not be used [trigger='bsearch(NULL, arr, 1, 4, NULL);'] [clang-fallback-scan]
src/misra_c_2012_part2.c:529 [Rule 21.9] The bsearch and qsort functions of <stdlib.h> shall not be used [trigger='qsort(arr, 1, sizeof(arr[0]), NULL);'] [clang-fallback-scan]
src/misra_c_2012_part2.c:533 [Rule 21.10] The standard header file <time.h> shall not be used. [trigger='<time.h>'] [tree-sitter-query]
src/misra_c_2012_part2.c:533 [Rule 20.1] #include directives should only be preceded by preprocessor directives or comments. [trigger='#include <time.h> // Violation'] [tree-sitter-query]
src/misra_c_2012_part2.c:536 [Rule 21.11] The standard header file <tgmath.h> shall not be used. [trigger='<tgmath.h>'] [tree-sitter-query]
src/misra_c_2012_part2.c:536 [Rule 20.1] #include directives should only be preceded by preprocessor directives or comments. [trigger='#include <tgmath.h> // Violation'] [tree-sitter-query]
src/misra_c_2012_part2.c:539 [Rule 21.12] The standard header file <fenv.h> shall not be used. [trigger='<fenv.h>'] [tree-sitter-query]
src/misra_c_2012_part2.c:539 [Rule 20.1] #include directives should only be preceded by preprocessor directives or comments. [trigger='#include <fenv.h> // Violation'] [tree-sitter-query]
src/misra_c_2012_part2.c:542 [Rule 8.4] A compatible declaration shall be visible when function 'rule_22_1' is defined. [trigger='rule_22_1'] [clang-heuristic]
src/misra_c_2012_part2.c:543 [Rule 22.1] All resources obtained dynamically by means of Standard Library functions shall be explicitly released. [trigger='resource[1122570213] kind=file'] [clang-heuristic]
src/misra_c_2012_part2.c:547 [Rule 8.4] A compatible declaration shall be visible when function 'rule_22_2' is defined. [trigger='rule_22_2'] [clang-heuristic]
src/misra_c_2012_part2.c:549 [Rule 21.3] The memory allocation and deallocation functions of <stdlib.h> shall not be used. [trigger='free'] [tree-sitter-query]
src/misra_c_2012_part2.c:549 [Rule 22.2] A block of memory shall only be freed if it was allocated by means of a Standard Library function. [trigger='free'] [clang-heuristic]
src/misra_c_2012_part2.c:553 [Rule 8.4] A compatible declaration shall be visible when function 'rule_22_3' is defined. [trigger='rule_22_3'] [clang-heuristic]
src/misra_c_2012_part2.c:554 [Rule 22.1] All resources obtained dynamically by means of Standard Library functions shall be explicitly released. [trigger='resource[932013296] kind=file'] [clang-heuristic]
src/misra_c_2012_part2.c:554 [Rule 22.3] The same file 'same_file.txt' shall not be open for read and write access at the same time on different streams. [trigger='same_file.txt'] [clang-heuristic]
src/misra_c_2012_part2.c:555 [Rule 22.1] All resources obtained dynamically by means of Standard Library functions shall be explicitly released. [trigger='resource[3845065662] kind=file'] [clang-heuristic]
src/misra_c_2012_part2.c:562 [Rule 8.4] A compatible declaration shall be visible when function 'rule_22_4' is defined. [trigger='rule_22_4'] [clang-heuristic]
src/misra_c_2012_part2.c:565 [Rule 22.4] There shall be no attempt to write to a stream which has been opened as read-only. [trigger='fputs'] [clang-heuristic]
src/misra_c_2012_part2.c:565 [Rule 17.7] The value returned by a function having non-void return type shall be used [trigger='fputs ( "write attempt\n" , f )'] [clang-heuristic]
src/misra_c_2012_part2.c:566 [Rule 17.7] The value returned by a function having non-void return type shall be used [trigger='fclose ( f )'] [clang-heuristic]
src/misra_c_2012_part2.c:571 [Rule 8.4] A compatible declaration shall be visible when function 'rule_22_5' is defined. [trigger='rule_22_5'] [clang-heuristic]
src/misra_c_2012_part2.c:574 [Rule 22.5] A pointer to a FILE object shall not be dereferenced [trigger='* f'] [clang-heuristic]
src/misra_c_2012_part2.c:575 [Rule 17.7] The value returned by a function having non-void return type shall be used [trigger='fclose ( f )'] [clang-heuristic]
src/misra_c_2012_part2.c:580 [Rule 8.4] A compatible declaration shall be visible when function 'rule_22_6' is defined. [trigger='rule_22_6'] [clang-heuristic]
src/misra_c_2012_part2.c:583 [Rule 17.7] The value returned by a function having non-void return type shall be used [trigger='fclose ( f )'] [clang-heuristic]
src/misra_c_2012_part2.c:584 [Rule 22.6] The value of a pointer to a FILE shall not be used after the associated stream has been closed. [trigger='fputs'] [clang-heuristic]
src/misra_c_2012_part2.c:584 [Rule 17.7] The value returned by a function having non-void return type shall be used [trigger='fputs ( "use after close\n" , f )'] [clang-heuristic]
src/misra_c_2012_part2.c:589 [Rule 20.14] All #else, #elif and #endif preprocessor directives shall reside in the same file as the directive to which they are related. (Missing 1 #endif) [trigger='missing_endif=1'] [tree-sitter-query]
src/misra_c_2012_part3_fatal.c:10 [Rule 20.4] A macro shall not be defined with the same name as a keyword. [trigger='int'] [tree-sitter-query]
src/misra_c_2012_part3_fatal.c:10 [Rule 2.5] macro is not used [trigger='int'] [clang-diagnostic]
src/misra_c_2012_part3_fatal.c:13 [Rule 20.13] A line whose first token is # shall be a valid preprocessing directive: 'invalid_directive' [trigger='#invalid_directive'] [tree-sitter-query]
src/test_unused.c:1 [Rule 2.5] macro is not used [trigger='UNUSED_MACRO'] [clang-diagnostic]
src/test_unused.c:1 [Rule 5.4] Macro identifier 'UNUSED_MACRO' is not distinct (multiple definitions). [trigger='UNUSED_MACRO'] [cross-tu-heuristic]
src/test_unused.c:3 [Rule 8.4] A compatible declaration shall be visible when function 'test_func' is defined. [trigger='test_func'] [clang-heuristic]
src/test_unused.c:4 [Rule 2.3] unused typedef 'unused_typedef' [trigger='unused_typedef'] [clang-diagnostic]
src/test_unused.c:4 [Rule 2.3] Unused typedef declaration: 'unused_typedef' [trigger='unused_typedef'] [clang-heuristic]
src/test_unused.c:5 [Rule 2.4] Unused tag declaration: 'unused_struct' [trigger='unused_struct'] [clang-heuristic]
src/test_unused.c:5 [Rule 5.7] Tag name 'unused_struct' is reused for another entity. [trigger='unused_struct'] [cross-tu-heuristic]
src/test_unused.c:6 [Rule 2.4] Unused tag declaration: 'unused_enum' [trigger='unused_enum'] [clang-heuristic]
src/test_unused.c:8 [Rule 2.2] variable 'x' set but not used [trigger='int x = 0'] [clang-diagnostic]
src/test_unused.c:9 [Rule 15.1] The goto statement should not be used. [trigger='goto my_label;'] [tree-sitter-query]
src/test_unused.c:13 [Rule 2.6] unused label 'unused_label' [trigger='unused_label'] [clang-diagnostic]
